mode: atomic
github.com/ddkwork/ux/animation/animation.go:28.79,34.2 1 0
github.com/ddkwork/ux/animation/animation.go:36.66,39.34 2 0
github.com/ddkwork/ux/animation/animation.go:39.34,41.3 1 0
github.com/ddkwork/ux/animation/animation.go:43.2,43.39 1 0
github.com/ddkwork/ux/animation/animation.go:43.39,45.3 1 0
github.com/ddkwork/ux/animation/animation.go:47.2,47.75 1 0
github.com/ddkwork/ux/animation/animation.go:47.75,49.3 1 0
github.com/ddkwork/ux/animation/animation.go:51.2,54.21 3 0
github.com/ddkwork/ux/animation/animation.go:54.21,56.3 1 0
github.com/ddkwork/ux/animation/animation.go:58.2,58.14 1 0
github.com/ddkwork/ux/animation/animation.go:58.14,60.3 1 0
github.com/ddkwork/ux/animation/animation.go:62.2,66.3 1 0
github.com/ddkwork/ux/animation/animation.go:69.48,70.20 1 0
github.com/ddkwork/ux/animation/animation.go:70.20,74.3 3 0
github.com/ddkwork/ux/animation/animation.go:76.2,76.18 1 0
github.com/ddkwork/ux/animation/animation.go:79.76,80.20 1 0
github.com/ddkwork/ux/animation/animation.go:80.20,85.3 4 0
github.com/ddkwork/ux/animation/animation.go:87.2,87.18 1 0
github.com/ddkwork/ux/animation/animation.go:90.49,94.2 3 0
github.com/ddkwork/ux/animation/animation.go:96.48,100.2 3 0
github.com/ddkwork/ux/animation/animation.go:102.48,110.2 7 0
github.com/ddkwork/ux/animation/button.go:8.31,14.2 2 0
github.com/ddkwork/ux/animation/button.go:16.31,21.2 2 0
github.com/ddkwork/ux/animation/button.go:23.31,28.2 2 0
github.com/ddkwork/ux/animation/transform.go:13.77,18.2 4 0
github.com/ddkwork/ux/animation/transform.go:20.67,24.2 3 0
github.com/ddkwork/ux/animation/transform.go:26.67,30.2 3 0
github.com/ddkwork/ux/animation/transform.go:32.72,37.2 4 0
github.com/ddkwork/ux/animationButton/button.go:50.40,54.2 1 0
github.com/ddkwork/ux/animationButton/button.go:86.50,88.2 1 0
github.com/ddkwork/ux/animationButton/button.go:90.57,127.2 6 0
github.com/ddkwork/ux/animationButton/button.go:129.93,144.2 1 0
github.com/ddkwork/ux/animationButton/button.go:146.45,151.13 4 0
github.com/ddkwork/ux/animationButton/button.go:151.13,153.3 1 0
github.com/ddkwork/ux/animationButton/button.go:153.8,155.3 1 0
github.com/ddkwork/ux/animationButton/button.go:158.53,159.18 1 0
github.com/ddkwork/ux/animationButton/button.go:159.18,161.3 1 0
github.com/ddkwork/ux/animationButton/button.go:163.2,163.35 1 0
github.com/ddkwork/ux/animationButton/button.go:166.65,167.22 1 0
github.com/ddkwork/ux/animationButton/button.go:167.22,168.26 1 0
github.com/ddkwork/ux/animationButton/button.go:168.26,170.4 1 0
github.com/ddkwork/ux/animationButton/button.go:173.2,187.74 13 0
github.com/ddkwork/ux/animationButton/button.go:187.74,188.79 1 0
github.com/ddkwork/ux/animationButton/button.go:188.79,191.4 2 0
github.com/ddkwork/ux/animationButton/button.go:191.4,192.30 1 0
github.com/ddkwork/ux/animationButton/button.go:192.30,194.22 2 0
github.com/ddkwork/ux/animationButton/button.go:194.22,196.7 1 0
github.com/ddkwork/ux/animationButton/button.go:200.4,201.30 1 0
github.com/ddkwork/ux/animationButton/button.go:201.30,203.22 2 0
github.com/ddkwork/ux/animationButton/button.go:203.22,205.7 1 0
github.com/ddkwork/ux/animationButton/button.go:209.4,210.30 1 0
github.com/ddkwork/ux/animationButton/button.go:210.30,212.22 2 0
github.com/ddkwork/ux/animationButton/button.go:212.22,214.7 1 0
github.com/ddkwork/ux/animationButton/button.go:218.4,221.21 3 0
github.com/ddkwork/ux/animationButton/button.go:221.21,222.32 1 0
github.com/ddkwork/ux/animationButton/button.go:222.32,224.44 2 0
github.com/ddkwork/ux/animationButton/button.go:224.44,226.7 1 0
github.com/ddkwork/ux/animationButton/button.go:228.6,228.38 1 0
github.com/ddkwork/ux/animationButton/button.go:228.38,230.7 1 0
github.com/ddkwork/ux/animationButton/button.go:233.5,233.57 1 0
github.com/ddkwork/ux/animationButton/button.go:233.57,236.31 2 0
github.com/ddkwork/ux/animationButton/button.go:236.31,238.7 1 0
github.com/ddkwork/ux/animationButton/button.go:240.6,240.31 1 0
github.com/ddkwork/ux/animationButton/button.go:240.31,242.7 1 0
github.com/ddkwork/ux/animationButton/button.go:244.6,244.37 1 0
github.com/ddkwork/ux/animationButton/button.go:247.5,247.57 1 0
github.com/ddkwork/ux/animationButton/button.go:247.57,250.31 2 0
github.com/ddkwork/ux/animationButton/button.go:250.31,252.7 1 0
github.com/ddkwork/ux/animationButton/button.go:254.6,254.31 1 0
github.com/ddkwork/ux/animationButton/button.go:254.31,256.7 1 0
github.com/ddkwork/ux/animationButton/button.go:258.6,258.37 1 0
github.com/ddkwork/ux/animationButton/button.go:261.5,261.35 1 0
github.com/ddkwork/ux/animationButton/button.go:261.35,262.31 1 0
github.com/ddkwork/ux/animationButton/button.go:262.31,264.7 1 0
github.com/ddkwork/ux/animationButton/button.go:272.4,274.80 3 0
github.com/ddkwork/ux/animationButton/button.go:274.80,275.79 1 0
github.com/ddkwork/ux/animationButton/button.go:275.79,277.27 2 0
github.com/ddkwork/ux/animationButton/button.go:277.27,278.63 1 0
github.com/ddkwork/ux/animationButton/button.go:278.63,281.51 2 0
github.com/ddkwork/ux/animationButton/button.go:281.51,283.9 1 0
github.com/ddkwork/ux/animationButton/button.go:285.8,287.20 3 0
github.com/ddkwork/ux/animationButton/button.go:287.20,288.85 1 0
github.com/ddkwork/ux/animationButton/button.go:288.85,290.10 1 0
github.com/ddkwork/ux/animationButton/button.go:291.14,293.9 1 0
github.com/ddkwork/ux/animationButton/button.go:294.8,296.8 2 0
github.com/ddkwork/ux/animationButton/button.go:296.8,299.36 2 0
github.com/ddkwork/ux/animationButton/button.go:299.36,301.26 2 0
github.com/ddkwork/ux/animationButton/button.go:301.26,303.11 1 0
github.com/ddkwork/ux/animationButton/button.go:307.8,308.19 2 0
github.com/ddkwork/ux/animationButton/button.go:312.6,312.24 1 0
github.com/ddkwork/ux/animationButton/button.go:312.24,315.28 2 0
github.com/ddkwork/ux/animationButton/button.go:315.28,320.8 1 0
github.com/ddkwork/ux/animationButton/button.go:322.7,323.64 1 0
github.com/ddkwork/ux/animationButton/button.go:323.64,327.9 2 0
github.com/ddkwork/ux/animationButton/button.go:330.7,333.31 1 0
github.com/ddkwork/ux/animationButton/button.go:334.12,336.7 1 0
github.com/ddkwork/ux/animationButton/button.go:339.4,341.16 2 0
github.com/ddkwork/ux/animationButton/button.go:341.16,343.5 1 0
github.com/ddkwork/ux/animationButton/button.go:345.4,357.15 4 0
github.com/ddkwork/ux/giosvg/giosvg.go:25.62,27.2 1 0
github.com/ddkwork/ux/giosvg/giosvg.go:31.45,31.94 1 0
github.com/ddkwork/ux/giosvg/giosvg.go:35.56,37.16 2 0
github.com/ddkwork/ux/giosvg/giosvg.go:37.16,39.3 1 0
github.com/ddkwork/ux/giosvg/giosvg.go:41.2,41.70 1 0
github.com/ddkwork/ux/giosvg/giosvg.go:41.70,43.41 2 0
github.com/ddkwork/ux/giosvg/giosvg.go:43.41,44.44 1 0
github.com/ddkwork/ux/giosvg/giosvg.go:44.44,46.48 2 0
github.com/ddkwork/ux/giosvg/giosvg.go:46.48,48.6 1 0
github.com/ddkwork/ux/giosvg/giosvg.go:48.11,50.6 1 0
github.com/ddkwork/ux/giosvg/giosvg.go:51.10,53.48 2 0
github.com/ddkwork/ux/giosvg/giosvg.go:53.48,55.6 1 0
github.com/ddkwork/ux/giosvg/giosvg.go:55.11,57.6 1 0
github.com/ddkwork/ux/giosvg/giosvg.go:61.3,61.28 1 0
github.com/ddkwork/ux/giosvg/giosvg.go:61.28,63.4 1 0
github.com/ddkwork/ux/giosvg/giosvg.go:64.3,64.28 1 0
github.com/ddkwork/ux/giosvg/giosvg.go:64.28,66.4 1 0
github.com/ddkwork/ux/giosvg/giosvg.go:68.3,72.68 4 0
github.com/ddkwork/ux/giosvg/giosvg.go:84.72,89.2 1 0
github.com/ddkwork/ux/giosvg/giosvg.go:110.35,115.2 1 0
github.com/ddkwork/ux/giosvg/giosvg.go:121.64,122.38 1 0
github.com/ddkwork/ux/giosvg/giosvg.go:122.38,130.3 5 0
github.com/ddkwork/ux/giosvg/giosvg.go:132.2,133.28 2 0
github.com/ddkwork/ux/dlgs/color_windows.go:13.70,15.8 2 0
github.com/ddkwork/ux/dlgs/color_windows.go:15.8,21.3 5 0
github.com/ddkwork/ux/dlgs/color_windows.go:23.2,23.24 1 0
github.com/ddkwork/ux/dlgs/color_windows.go:27.57,40.8 10 0
github.com/ddkwork/ux/dlgs/color_windows.go:40.8,42.3 1 0
github.com/ddkwork/ux/dlgs/color_windows.go:44.2,44.17 1 0
github.com/ddkwork/ux/dlgs/date_windows.go:14.79,16.8 2 0
github.com/ddkwork/ux/dlgs/date_windows.go:16.8,18.17 2 0
github.com/ddkwork/ux/dlgs/date_windows.go:18.17,20.4 1 0
github.com/ddkwork/ux/dlgs/date_windows.go:21.3,21.24 1 0
github.com/ddkwork/ux/dlgs/date_windows.go:24.2,24.31 1 0
github.com/ddkwork/ux/dlgs/date_windows.go:28.82,35.16 5 0
github.com/ddkwork/ux/dlgs/date_windows.go:35.16,37.3 1 0
github.com/ddkwork/ux/dlgs/date_windows.go:39.2,39.78 1 0
github.com/ddkwork/ux/dlgs/date_windows.go:39.78,40.14 1 0
github.com/ddkwork/ux/dlgs/date_windows.go:41.16,42.23 1 0
github.com/ddkwork/ux/dlgs/date_windows.go:43.18,44.22 1 0
github.com/ddkwork/ux/dlgs/date_windows.go:45.18,46.26 1 0
github.com/ddkwork/ux/dlgs/date_windows.go:46.26,48.5 1 0
github.com/ddkwork/ux/dlgs/date_windows.go:49.18,50.21 1 0
github.com/ddkwork/ux/dlgs/date_windows.go:50.21,55.5 4 0
github.com/ddkwork/ux/dlgs/date_windows.go:55.10,55.28 1 0
github.com/ddkwork/ux/dlgs/date_windows.go:55.28,57.5 1 0
github.com/ddkwork/ux/dlgs/date_windows.go:58.11,60.14 2 0
github.com/ddkwork/ux/dlgs/date_windows.go:63.3,63.11 1 0
github.com/ddkwork/ux/dlgs/date_windows.go:66.2,67.16 2 0
github.com/ddkwork/ux/dlgs/date_windows.go:67.16,69.3 1 0
github.com/ddkwork/ux/dlgs/date_windows.go:70.2,96.16 20 0
github.com/ddkwork/ux/dlgs/date_windows.go:96.16,98.3 1 0
github.com/ddkwork/ux/dlgs/date_windows.go:100.2,101.15 2 0
github.com/ddkwork/ux/dlgs/date_windows.go:101.15,103.3 1 0
github.com/ddkwork/ux/dlgs/date_windows.go:105.2,105.22 1 0
github.com/ddkwork/ux/dlgs/dlgs_windows.go:289.52,293.2 2 0
github.com/ddkwork/ux/dlgs/dlgs_windows.go:295.48,297.14 2 0
github.com/ddkwork/ux/dlgs/dlgs_windows.go:297.14,299.3 1 0
github.com/ddkwork/ux/dlgs/dlgs_windows.go:301.2,301.33 1 0
github.com/ddkwork/ux/dlgs/dlgs_windows.go:306.27,311.14 2 0
github.com/ddkwork/ux/dlgs/dlgs_windows.go:311.14,313.3 1 0
github.com/ddkwork/ux/dlgs/dlgs_windows.go:315.2,315.33 1 0
github.com/ddkwork/ux/dlgs/dlgs_windows.go:318.70,320.14 2 0
github.com/ddkwork/ux/dlgs/dlgs_windows.go:320.14,322.3 1 0
github.com/ddkwork/ux/dlgs/dlgs_windows.go:324.2,324.33 1 0
github.com/ddkwork/ux/dlgs/dlgs_windows.go:327.47,329.14 2 0
github.com/ddkwork/ux/dlgs/dlgs_windows.go:329.14,331.3 1 0
github.com/ddkwork/ux/dlgs/dlgs_windows.go:333.2,333.12 1 0
github.com/ddkwork/ux/dlgs/dlgs_windows.go:336.85,339.2 2 0
github.com/ddkwork/ux/dlgs/dlgs_windows.go:341.56,344.14 2 0
github.com/ddkwork/ux/dlgs/dlgs_windows.go:344.14,346.3 1 0
github.com/ddkwork/ux/dlgs/dlgs_windows.go:348.2,348.25 1 0
github.com/ddkwork/ux/dlgs/dlgs_windows.go:351.70,355.2 2 0
github.com/ddkwork/ux/dlgs/dlgs_windows.go:357.98,360.22 2 0
github.com/ddkwork/ux/dlgs/dlgs_windows.go:360.22,362.3 1 0
github.com/ddkwork/ux/dlgs/dlgs_windows.go:364.2,364.29 1 0
github.com/ddkwork/ux/dlgs/dlgs_windows.go:367.83,370.2 2 0
github.com/ddkwork/ux/dlgs/dlgs_windows.go:372.33,374.2 1 0
github.com/ddkwork/ux/dlgs/dlgs_windows.go:376.38,378.2 1 0
github.com/ddkwork/ux/dlgs/dlgs_windows.go:380.34,382.2 1 0
github.com/ddkwork/ux/dlgs/dlgs_windows.go:384.54,386.2 1 0
github.com/ddkwork/ux/dlgs/dlgs_windows.go:388.51,391.2 2 0
github.com/ddkwork/ux/dlgs/dlgs_windows.go:393.48,400.2 4 0
github.com/ddkwork/ux/dlgs/dlgs_windows.go:402.98,405.2 2 0
github.com/ddkwork/ux/dlgs/dlgs_windows.go:407.49,410.2 2 0
github.com/ddkwork/ux/dlgs/dlgs_windows.go:412.60,415.2 2 0
github.com/ddkwork/ux/dlgs/dlgs_windows.go:417.67,420.2 2 0
github.com/ddkwork/ux/dlgs/dlgs_windows.go:422.59,425.2 2 0
github.com/ddkwork/ux/dlgs/dlgs_windows.go:427.103,431.2 2 0
github.com/ddkwork/ux/dlgs/dlgs_windows.go:433.59,436.2 2 0
github.com/ddkwork/ux/dlgs/dlgs_windows.go:438.45,441.2 2 0
github.com/ddkwork/ux/dlgs/dlgs_windows.go:443.59,446.2 2 0
github.com/ddkwork/ux/dlgs/dlgs_windows.go:448.43,451.2 2 0
github.com/ddkwork/ux/dlgs/dlgs_windows.go:453.49,456.2 2 0
github.com/ddkwork/ux/dlgs/dlgs_windows.go:458.51,461.2 2 0
github.com/ddkwork/ux/dlgs/dlgs_windows.go:463.62,466.2 2 0
github.com/ddkwork/ux/dlgs/dlgs_windows.go:468.43,471.2 2 0
github.com/ddkwork/ux/dlgs/dlgs_windows.go:473.40,479.2 5 0
github.com/ddkwork/ux/dlgs/dlgs_windows.go:481.31,486.2 4 0
github.com/ddkwork/ux/dlgs/dlgs_windows.go:488.85,498.2 8 0
github.com/ddkwork/ux/dlgs/dlgs_windows.go:500.45,501.6 1 0
github.com/ddkwork/ux/dlgs/dlgs_windows.go:501.6,504.17 3 0
github.com/ddkwork/ux/dlgs/dlgs_windows.go:504.17,506.4 1 0
github.com/ddkwork/ux/dlgs/dlgs_windows.go:508.3,508.17 1 0
github.com/ddkwork/ux/dlgs/dlgs_windows.go:508.17,509.36 1 0
github.com/ddkwork/ux/dlgs/dlgs_windows.go:509.36,512.5 2 0
github.com/ddkwork/ux/dlgs/dlgs_windows.go:513.9,514.9 1 0
github.com/ddkwork/ux/dlgs/dlgs_windows.go:518.2,518.12 1 0
github.com/ddkwork/ux/dlgs/dlgs_windows.go:521.43,524.2 2 0
github.com/ddkwork/ux/dlgs/dlgs_windows.go:526.43,530.2 3 0
github.com/ddkwork/ux/dlgs/dlgs_windows.go:533.95,540.16 5 0
github.com/ddkwork/ux/dlgs/dlgs_windows.go:540.16,542.3 1 0
github.com/ddkwork/ux/dlgs/dlgs_windows.go:544.2,544.78 1 0
github.com/ddkwork/ux/dlgs/dlgs_windows.go:544.78,545.14 1 0
github.com/ddkwork/ux/dlgs/dlgs_windows.go:546.16,548.23 2 0
github.com/ddkwork/ux/dlgs/dlgs_windows.go:549.18,550.22 1 0
github.com/ddkwork/ux/dlgs/dlgs_windows.go:551.18,552.26 1 0
github.com/ddkwork/ux/dlgs/dlgs_windows.go:552.26,555.5 2 0
github.com/ddkwork/ux/dlgs/dlgs_windows.go:556.18,557.21 1 0
github.com/ddkwork/ux/dlgs/dlgs_windows.go:557.21,560.5 2 0
github.com/ddkwork/ux/dlgs/dlgs_windows.go:560.10,560.28 1 0
github.com/ddkwork/ux/dlgs/dlgs_windows.go:560.28,563.5 2 0
github.com/ddkwork/ux/dlgs/dlgs_windows.go:564.11,566.14 2 0
github.com/ddkwork/ux/dlgs/dlgs_windows.go:569.3,569.11 1 0
github.com/ddkwork/ux/dlgs/dlgs_windows.go:572.2,573.16 2 0
github.com/ddkwork/ux/dlgs/dlgs_windows.go:573.16,575.3 1 0
github.com/ddkwork/ux/dlgs/dlgs_windows.go:576.2,582.14 5 0
github.com/ddkwork/ux/dlgs/dlgs_windows.go:582.14,584.3 1 0
github.com/ddkwork/ux/dlgs/dlgs_windows.go:585.2,607.16 16 0
github.com/ddkwork/ux/dlgs/dlgs_windows.go:607.16,609.3 1 0
github.com/ddkwork/ux/dlgs/dlgs_windows.go:611.2,611.37 1 0
github.com/ddkwork/ux/dlgs/entry_windows.go:7.67,9.2 1 0
github.com/ddkwork/ux/dlgs/file_windows.go:18.71,19.15 1 0
github.com/ddkwork/ux/dlgs/file_windows.go:19.15,22.3 2 0
github.com/ddkwork/ux/dlgs/file_windows.go:24.2,25.21 2 0
github.com/ddkwork/ux/dlgs/file_windows.go:33.62,38.9 3 0
github.com/ddkwork/ux/dlgs/file_windows.go:38.9,40.3 1 0
github.com/ddkwork/ux/dlgs/file_windows.go:42.2,43.16 2 0
github.com/ddkwork/ux/dlgs/file_windows.go:43.16,44.27 1 0
github.com/ddkwork/ux/dlgs/file_windows.go:44.27,46.4 1 0
github.com/ddkwork/ux/dlgs/file_windows.go:47.8,49.3 1 0
github.com/ddkwork/ux/dlgs/file_windows.go:51.2,51.23 1 0
github.com/ddkwork/ux/dlgs/file_windows.go:55.66,66.18 8 0
github.com/ddkwork/ux/dlgs/file_windows.go:66.18,68.3 1 0
github.com/ddkwork/ux/dlgs/file_windows.go:70.2,71.11 2 0
github.com/ddkwork/ux/dlgs/file_windows.go:71.11,73.3 1 0
github.com/ddkwork/ux/dlgs/file_windows.go:74.2,76.27 2 0
github.com/ddkwork/ux/dlgs/file_windows.go:76.27,78.3 1 0
github.com/ddkwork/ux/dlgs/file_windows.go:80.2,80.18 1 0
github.com/ddkwork/ux/dlgs/file_windows.go:84.45,95.8 8 0
github.com/ddkwork/ux/dlgs/file_windows.go:95.8,97.3 1 0
github.com/ddkwork/ux/dlgs/file_windows.go:99.2,99.18 1 0
github.com/ddkwork/ux/dlgs/list_windows.go:13.69,15.2 1 0
github.com/ddkwork/ux/dlgs/list_windows.go:18.76,21.2 2 0
github.com/ddkwork/ux/dlgs/list_windows.go:24.95,30.16 5 0
github.com/ddkwork/ux/dlgs/list_windows.go:30.16,32.3 1 0
github.com/ddkwork/ux/dlgs/list_windows.go:34.2,34.78 1 0
github.com/ddkwork/ux/dlgs/list_windows.go:34.78,35.14 1 0
github.com/ddkwork/ux/dlgs/list_windows.go:36.16,38.23 2 0
github.com/ddkwork/ux/dlgs/list_windows.go:39.18,40.22 1 0
github.com/ddkwork/ux/dlgs/list_windows.go:41.18,42.26 1 0
github.com/ddkwork/ux/dlgs/list_windows.go:42.26,45.5 2 0
github.com/ddkwork/ux/dlgs/list_windows.go:46.18,47.21 1 0
github.com/ddkwork/ux/dlgs/list_windows.go:47.21,48.14 1 0
github.com/ddkwork/ux/dlgs/list_windows.go:48.14,52.35 4 0
github.com/ddkwork/ux/dlgs/list_windows.go:52.35,54.31 2 0
github.com/ddkwork/ux/dlgs/list_windows.go:54.31,56.8 1 0
github.com/ddkwork/ux/dlgs/list_windows.go:58.11,60.16 2 0
github.com/ddkwork/ux/dlgs/list_windows.go:60.16,62.7 1 0
github.com/ddkwork/ux/dlgs/list_windows.go:65.5,65.24 1 0
github.com/ddkwork/ux/dlgs/list_windows.go:66.10,66.28 1 0
github.com/ddkwork/ux/dlgs/list_windows.go:66.28,69.5 2 0
github.com/ddkwork/ux/dlgs/list_windows.go:70.11,72.14 2 0
github.com/ddkwork/ux/dlgs/list_windows.go:75.3,75.11 1 0
github.com/ddkwork/ux/dlgs/list_windows.go:78.2,79.16 2 0
github.com/ddkwork/ux/dlgs/list_windows.go:79.16,81.3 1 0
github.com/ddkwork/ux/dlgs/list_windows.go:82.2,88.11 5 0
github.com/ddkwork/ux/dlgs/list_windows.go:88.11,90.3 1 0
github.com/ddkwork/ux/dlgs/list_windows.go:91.2,107.29 12 0
github.com/ddkwork/ux/dlgs/list_windows.go:107.29,110.3 2 0
github.com/ddkwork/ux/dlgs/list_windows.go:112.2,116.16 4 0
github.com/ddkwork/ux/dlgs/list_windows.go:116.16,118.3 1 0
github.com/ddkwork/ux/dlgs/list_windows.go:120.2,120.37 1 0
github.com/ddkwork/ux/dlgs/message_windows.go:7.51,10.2 2 0
github.com/ddkwork/ux/dlgs/message_windows.go:13.45,16.2 2 0
github.com/ddkwork/ux/dlgs/message_windows.go:19.48,22.2 2 0
github.com/ddkwork/ux/dlgs/message_windows.go:25.46,28.2 2 0
github.com/ddkwork/ux/dlgs/message_windows.go:31.69,33.19 2 0
github.com/ddkwork/ux/dlgs/message_windows.go:33.19,35.3 1 0
github.com/ddkwork/ux/dlgs/message_windows.go:37.2,38.26 2 0
github.com/ddkwork/ux/dlgs/password_windows.go:7.57,9.2 1 0
github.com/ddkwork/ux/f32color/rgba.go:18.37,20.2 1 0
github.com/ddkwork/ux/f32color/rgba.go:23.48,25.2 1 0
github.com/ddkwork/ux/f32color/rgba.go:28.36,29.16 1 0
github.com/ddkwork/ux/f32color/rgba.go:29.16,31.3 1 0
github.com/ddkwork/ux/f32color/rgba.go:32.2,37.3 1 0
github.com/ddkwork/ux/f32color/rgba.go:44.37,46.2 1 0
github.com/ddkwork/ux/f32color/rgba.go:49.31,52.2 2 0
github.com/ddkwork/ux/f32color/rgba.go:55.43,63.2 2 0
github.com/ddkwork/ux/f32color/rgba.go:69.46,70.19 1 0
github.com/ddkwork/ux/f32color/rgba.go:70.19,72.3 1 0
github.com/ddkwork/ux/f32color/rgba.go:73.2,79.3 2 0
github.com/ddkwork/ux/f32color/rgba.go:85.52,86.19 1 0
github.com/ddkwork/ux/f32color/rgba.go:86.19,88.3 1 0
github.com/ddkwork/ux/f32color/rgba.go:89.2,95.3 2 0
github.com/ddkwork/ux/f32color/rgba.go:99.46,100.19 1 0
github.com/ddkwork/ux/f32color/rgba.go:100.19,102.3 1 0
github.com/ddkwork/ux/f32color/rgba.go:104.2,111.22 2 0
github.com/ddkwork/ux/f32color/rgba.go:115.38,117.9 1 0
github.com/ddkwork/ux/f32color/rgba.go:118.14,119.11 1 0
github.com/ddkwork/ux/f32color/rgba.go:120.30,121.19 1 0
github.com/ddkwork/ux/f32color/rgba.go:122.31,123.62 1 0
github.com/ddkwork/ux/f32color/rgba.go:126.2,126.10 1 0
github.com/ddkwork/ux/f32color/rgba.go:130.38,132.18 1 0
github.com/ddkwork/ux/f32color/rgba.go:132.18,134.3 1 0
github.com/ddkwork/ux/f32color/rgba.go:134.8,136.3 1 0
github.com/ddkwork/ux/f32color/rgba.go:140.55,143.2 2 0
github.com/ddkwork/ux/f32color/rgba.go:148.46,154.2 5 0
github.com/ddkwork/ux/f32color/rgba.go:158.45,159.14 1 0
github.com/ddkwork/ux/f32color/rgba.go:159.14,162.3 1 0
github.com/ddkwork/ux/f32color/rgba.go:163.2,165.30 3 0
github.com/ddkwork/ux/f32color/rgba.go:165.30,167.3 1 0
github.com/ddkwork/ux/f32color/rgba.go:168.2,168.25 1 0
github.com/ddkwork/ux/f32color/rgba.go:172.51,180.2 2 0
github.com/ddkwork/ux/f32color/rgba.go:183.42,191.2 2 0
github.com/ddkwork/ux/giosvg/cmd/svggen/main.go:23.13,29.17 5 0
github.com/ddkwork/ux/giosvg/cmd/svggen/main.go:29.17,30.25 1 0
github.com/ddkwork/ux/giosvg/cmd/svggen/main.go:33.2,35.16 3 0
github.com/ddkwork/ux/giosvg/cmd/svggen/main.go:35.16,36.13 1 0
github.com/ddkwork/ux/giosvg/cmd/svggen/main.go:39.2,39.15 1 0
github.com/ddkwork/ux/giosvg/cmd/svggen/main.go:39.15,40.76 1 0
github.com/ddkwork/ux/giosvg/cmd/svggen/main.go:40.76,41.14 1 0
github.com/ddkwork/ux/giosvg/cmd/svggen/main.go:43.8,45.3 1 0
github.com/ddkwork/ux/giosvg/cmd/svggen/main.go:47.2,47.15 1 0
github.com/ddkwork/ux/giosvg/cmd/svggen/main.go:47.15,48.19 1 0
github.com/ddkwork/ux/giosvg/cmd/svggen/main.go:48.19,53.4 4 0
github.com/ddkwork/ux/giosvg/cmd/svggen/main.go:53.9,55.4 1 0
github.com/ddkwork/ux/giosvg/cmd/svggen/main.go:56.3,56.112 1 0
github.com/ddkwork/ux/giosvg/cmd/svggen/main.go:59.2,78.29 3 0
github.com/ddkwork/ux/giosvg/cmd/svggen/main.go:78.29,80.17 2 0
github.com/ddkwork/ux/giosvg/cmd/svggen/main.go:80.17,81.14 1 0
github.com/ddkwork/ux/giosvg/cmd/svggen/main.go:83.3,84.17 2 0
github.com/ddkwork/ux/giosvg/cmd/svggen/main.go:84.17,85.14 1 0
github.com/ddkwork/ux/giosvg/cmd/svggen/main.go:88.3,98.37 9 0
github.com/ddkwork/ux/giosvg/cmd/svggen/main.go:98.37,106.4 1 0
github.com/ddkwork/ux/giosvg/cmd/svggen/main.go:106.9,114.4 1 0
github.com/ddkwork/ux/giosvg/cmd/svggen/main.go:115.3,140.34 5 0
github.com/ddkwork/ux/giosvg/cmd/svggen/main.go:140.34,141.63 1 0
github.com/ddkwork/ux/giosvg/cmd/svggen/main.go:141.63,142.13 1 0
github.com/ddkwork/ux/giosvg/cmd/svggen/main.go:145.4,145.55 1 0
github.com/ddkwork/ux/giosvg/cmd/svggen/main.go:145.55,147.5 1 0
github.com/ddkwork/ux/giosvg/cmd/svggen/main.go:147.10,149.5 1 0
github.com/ddkwork/ux/giosvg/cmd/svggen/main.go:151.4,154.30 3 0
github.com/ddkwork/ux/giosvg/cmd/svggen/main.go:154.30,155.28 1 0
github.com/ddkwork/ux/giosvg/cmd/svggen/main.go:156.29,157.96 1 0
github.com/ddkwork/ux/giosvg/cmd/svggen/main.go:158.29,159.96 1 0
github.com/ddkwork/ux/giosvg/cmd/svggen/main.go:160.29,161.160 1 0
github.com/ddkwork/ux/giosvg/cmd/svggen/main.go:162.30,163.218 1 0
github.com/ddkwork/ux/giosvg/cmd/svggen/main.go:164.28,165.45 1 0
github.com/ddkwork/ux/giosvg/cmd/svggen/main.go:169.4,169.62 1 0
github.com/ddkwork/ux/giosvg/cmd/svggen/main.go:169.62,170.32 1 0
github.com/ddkwork/ux/giosvg/cmd/svggen/main.go:171.33,172.57 1 0
github.com/ddkwork/ux/giosvg/cmd/svggen/main.go:173.31,174.21 1 0
github.com/ddkwork/ux/giosvg/cmd/svggen/main.go:174.21,176.7 1 0
github.com/ddkwork/ux/giosvg/cmd/svggen/main.go:177.6,178.57 2 0
github.com/ddkwork/ux/giosvg/cmd/svggen/main.go:182.4,184.34 2 0
github.com/ddkwork/ux/giosvg/cmd/svggen/main.go:184.34,188.5 3 0
github.com/ddkwork/ux/giosvg/cmd/svggen/main.go:189.4,189.33 1 0
github.com/ddkwork/ux/giosvg/cmd/svggen/main.go:189.33,193.5 3 0
github.com/ddkwork/ux/giosvg/cmd/svggen/main.go:196.3,199.12 3 0
github.com/ddkwork/ux/giosvg/cmd/svggen/main.go:202.2,203.18 2 0
github.com/ddkwork/ux/giosvg/cmd/svggen/main.go:203.18,205.3 1 0
github.com/ddkwork/ux/giosvg/cmd/svggen/main.go:205.8,206.48 1 0
github.com/ddkwork/ux/giosvg/cmd/svggen/main.go:206.48,207.14 1 0
github.com/ddkwork/ux/giosvg/cmd/svggen/main.go:210.2,213.16 3 0
github.com/ddkwork/ux/giosvg/cmd/svggen/main.go:213.16,214.13 1 0
github.com/ddkwork/ux/giosvg/cmd/svggen/main.go:217.2,217.20 1 0
github.com/ddkwork/ux/giosvg/internal/svgdraw/svgdraw.go:19.100,20.14 1 0
github.com/ddkwork/ux/giosvg/internal/svgdraw/svgdraw.go:20.14,22.3 1 0
github.com/ddkwork/ux/giosvg/internal/svgdraw/svgdraw.go:23.2,23.16 1 0
github.com/ddkwork/ux/giosvg/internal/svgdraw/svgdraw.go:23.16,25.3 1 0
github.com/ddkwork/ux/giosvg/internal/svgdraw/svgdraw.go:26.2,26.13 1 0
github.com/ddkwork/ux/giosvg/internal/svgdraw/svgdraw.go:34.27,34.28 0 0
github.com/ddkwork/ux/giosvg/internal/svgdraw/svgdraw.go:36.37,37.19 1 0
github.com/ddkwork/ux/giosvg/internal/svgdraw/svgdraw.go:37.19,40.3 2 0
github.com/ddkwork/ux/giosvg/internal/svgdraw/svgdraw.go:42.2,42.18 1 0
github.com/ddkwork/ux/giosvg/internal/svgdraw/svgdraw.go:45.36,47.2 1 0
github.com/ddkwork/ux/giosvg/internal/svgdraw/svgdraw.go:49.45,51.2 1 0
github.com/ddkwork/ux/giosvg/internal/svgdraw/svgdraw.go:53.48,55.2 1 0
github.com/ddkwork/ux/giosvg/internal/svgdraw/svgdraw.go:57.39,58.19 1 0
github.com/ddkwork/ux/giosvg/internal/svgdraw/svgdraw.go:58.19,60.3 1 0
github.com/ddkwork/ux/giosvg/internal/svgdraw/svgdraw.go:63.65,66.27 2 0
github.com/ddkwork/ux/giosvg/internal/svgdraw/svgdraw.go:67.30,68.32 1 0
github.com/ddkwork/ux/giosvg/internal/svgdraw/svgdraw.go:69.28,70.18 1 0
github.com/ddkwork/ux/giosvg/internal/svgdraw/svgdraw.go:70.18,72.4 1 0
github.com/ddkwork/ux/giosvg/internal/svgdraw/svgdraw.go:73.3,74.32 2 0
github.com/ddkwork/ux/giosvg/internal/svgdraw/svgdraw.go:78.54,78.55 0 0
github.com/ddkwork/ux/giosvg/internal/svgdraw/svgdraw.go:87.28,87.29 0 0
github.com/ddkwork/ux/giosvg/internal/svgdraw/svgdraw.go:89.38,90.19 1 0
github.com/ddkwork/ux/giosvg/internal/svgdraw/svgdraw.go:90.19,93.3 2 0
github.com/ddkwork/ux/giosvg/internal/svgdraw/svgdraw.go:95.2,95.18 1 0
github.com/ddkwork/ux/giosvg/internal/svgdraw/svgdraw.go:98.37,100.2 1 0
github.com/ddkwork/ux/giosvg/internal/svgdraw/svgdraw.go:102.46,104.2 1 0
github.com/ddkwork/ux/giosvg/internal/svgdraw/svgdraw.go:106.49,108.2 1 0
github.com/ddkwork/ux/giosvg/internal/svgdraw/svgdraw.go:110.40,111.32 1 0
github.com/ddkwork/ux/giosvg/internal/svgdraw/svgdraw.go:111.32,113.3 1 0
github.com/ddkwork/ux/giosvg/internal/svgdraw/svgdraw.go:116.66,119.27 2 0
github.com/ddkwork/ux/giosvg/internal/svgdraw/svgdraw.go:120.30,121.32 1 0
github.com/ddkwork/ux/giosvg/internal/svgdraw/svgdraw.go:122.28,123.18 1 0
github.com/ddkwork/ux/giosvg/internal/svgdraw/svgdraw.go:123.18,125.4 1 0
github.com/ddkwork/ux/giosvg/internal/svgdraw/svgdraw.go:126.3,127.32 2 0
github.com/ddkwork/ux/giosvg/internal/svgdraw/svgdraw.go:131.69,133.2 1 0
github.com/ddkwork/ux/animation/gween/ease/easing_functions.go:19.41,21.2 1 21
github.com/ddkwork/ux/animation/gween/ease/easing_functions.go:25.41,27.2 1 32
github.com/ddkwork/ux/animation/gween/ease/easing_functions.go:31.42,34.2 2 31
github.com/ddkwork/ux/animation/gween/ease/easing_functions.go:38.44,40.11 2 21
github.com/ddkwork/ux/animation/gween/ease/easing_functions.go:40.11,42.3 1 10
github.com/ddkwork/ux/animation/gween/ease/easing_functions.go:43.2,43.33 1 11
github.com/ddkwork/ux/animation/gween/ease/easing_functions.go:48.44,49.13 1 21
github.com/ddkwork/ux/animation/gween/ease/easing_functions.go:49.13,51.3 1 10
github.com/ddkwork/ux/animation/gween/ease/easing_functions.go:52.2,52.39 1 11
github.com/ddkwork/ux/animation/gween/ease/easing_functions.go:57.42,59.2 1 32
github.com/ddkwork/ux/animation/gween/ease/easing_functions.go:63.43,65.2 1 31
github.com/ddkwork/ux/animation/gween/ease/easing_functions.go:69.45,71.11 2 21
github.com/ddkwork/ux/animation/gween/ease/easing_functions.go:71.11,73.3 1 10
github.com/ddkwork/ux/animation/gween/ease/easing_functions.go:74.2,75.26 2 11
github.com/ddkwork/ux/animation/gween/ease/easing_functions.go:80.45,81.13 1 21
github.com/ddkwork/ux/animation/gween/ease/easing_functions.go:81.13,83.3 1 10
github.com/ddkwork/ux/animation/gween/ease/easing_functions.go:84.2,84.40 1 11
github.com/ddkwork/ux/animation/gween/ease/easing_functions.go:89.42,91.2 1 32
github.com/ddkwork/ux/animation/gween/ease/easing_functions.go:95.43,97.2 1 31
github.com/ddkwork/ux/animation/gween/ease/easing_functions.go:101.45,103.11 2 21
github.com/ddkwork/ux/animation/gween/ease/easing_functions.go:103.11,105.3 1 10
github.com/ddkwork/ux/animation/gween/ease/easing_functions.go:106.2,106.33 1 11
github.com/ddkwork/ux/animation/gween/ease/easing_functions.go:111.45,112.13 1 21
github.com/ddkwork/ux/animation/gween/ease/easing_functions.go:112.13,114.3 1 10
github.com/ddkwork/ux/animation/gween/ease/easing_functions.go:115.2,115.40 1 11
github.com/ddkwork/ux/animation/gween/ease/easing_functions.go:120.42,122.2 1 32
github.com/ddkwork/ux/animation/gween/ease/easing_functions.go:126.43,128.2 1 31
github.com/ddkwork/ux/animation/gween/ease/easing_functions.go:132.45,134.11 2 21
github.com/ddkwork/ux/animation/gween/ease/easing_functions.go:134.11,136.3 1 10
github.com/ddkwork/ux/animation/gween/ease/easing_functions.go:137.2,137.32 1 11
github.com/ddkwork/ux/animation/gween/ease/easing_functions.go:142.45,143.13 1 21
github.com/ddkwork/ux/animation/gween/ease/easing_functions.go:143.13,145.3 1 10
github.com/ddkwork/ux/animation/gween/ease/easing_functions.go:146.2,146.40 1 11
github.com/ddkwork/ux/animation/gween/ease/easing_functions.go:151.41,153.2 1 32
github.com/ddkwork/ux/animation/gween/ease/easing_functions.go:157.42,159.2 1 31
github.com/ddkwork/ux/animation/gween/ease/easing_functions.go:163.44,165.2 1 21
github.com/ddkwork/ux/animation/gween/ease/easing_functions.go:169.44,170.13 1 21
github.com/ddkwork/ux/animation/gween/ease/easing_functions.go:170.13,172.3 1 10
github.com/ddkwork/ux/animation/gween/ease/easing_functions.go:173.2,173.39 1 11
github.com/ddkwork/ux/animation/gween/ease/easing_functions.go:178.41,179.12 1 32
github.com/ddkwork/ux/animation/gween/ease/easing_functions.go:179.12,181.3 1 2
github.com/ddkwork/ux/animation/gween/ease/easing_functions.go:182.2,182.43 1 30
github.com/ddkwork/ux/animation/gween/ease/easing_functions.go:187.42,188.12 1 31
github.com/ddkwork/ux/animation/gween/ease/easing_functions.go:188.12,190.3 1 1
github.com/ddkwork/ux/animation/gween/ease/easing_functions.go:191.2,191.41 1 30
github.com/ddkwork/ux/animation/gween/ease/easing_functions.go:196.44,197.12 1 21
github.com/ddkwork/ux/animation/gween/ease/easing_functions.go:197.12,199.3 1 1
github.com/ddkwork/ux/animation/gween/ease/easing_functions.go:200.2,200.12 1 20
github.com/ddkwork/ux/animation/gween/ease/easing_functions.go:200.12,202.3 1 1
github.com/ddkwork/ux/animation/gween/ease/easing_functions.go:203.2,204.11 2 19
github.com/ddkwork/ux/animation/gween/ease/easing_functions.go:204.11,206.3 1 9
github.com/ddkwork/ux/animation/gween/ease/easing_functions.go:207.2,207.46 1 10
github.com/ddkwork/ux/animation/gween/ease/easing_functions.go:212.44,213.13 1 21
github.com/ddkwork/ux/animation/gween/ease/easing_functions.go:213.13,215.3 1 10
github.com/ddkwork/ux/animation/gween/ease/easing_functions.go:216.2,216.39 1 11
github.com/ddkwork/ux/animation/gween/ease/easing_functions.go:221.41,223.2 1 32
github.com/ddkwork/ux/animation/gween/ease/easing_functions.go:227.42,229.2 1 31
github.com/ddkwork/ux/animation/gween/ease/easing_functions.go:234.44,236.11 2 21
github.com/ddkwork/ux/animation/gween/ease/easing_functions.go:236.11,238.3 1 10
github.com/ddkwork/ux/animation/gween/ease/easing_functions.go:239.2,240.32 2 11
github.com/ddkwork/ux/animation/gween/ease/easing_functions.go:246.44,247.13 1 21
github.com/ddkwork/ux/animation/gween/ease/easing_functions.go:247.13,249.3 1 10
github.com/ddkwork/ux/animation/gween/ease/easing_functions.go:250.2,250.39 1 11
github.com/ddkwork/ux/animation/gween/ease/easing_functions.go:256.44,257.12 1 32
github.com/ddkwork/ux/animation/gween/ease/easing_functions.go:257.12,259.3 1 2
github.com/ddkwork/ux/animation/gween/ease/easing_functions.go:260.2,261.12 2 30
github.com/ddkwork/ux/animation/gween/ease/easing_functions.go:261.12,263.3 1 2
github.com/ddkwork/ux/animation/gween/ease/easing_functions.go:264.2,266.56 3 28
github.com/ddkwork/ux/animation/gween/ease/easing_functions.go:272.45,273.12 1 31
github.com/ddkwork/ux/animation/gween/ease/easing_functions.go:273.12,275.3 1 2
github.com/ddkwork/ux/animation/gween/ease/easing_functions.go:276.2,277.12 2 29
github.com/ddkwork/ux/animation/gween/ease/easing_functions.go:277.12,279.3 1 1
github.com/ddkwork/ux/animation/gween/ease/easing_functions.go:280.2,281.54 2 28
github.com/ddkwork/ux/animation/gween/ease/easing_functions.go:287.47,288.12 1 21
github.com/ddkwork/ux/animation/gween/ease/easing_functions.go:288.12,290.3 1 1
github.com/ddkwork/ux/animation/gween/ease/easing_functions.go:291.2,292.12 2 20
github.com/ddkwork/ux/animation/gween/ease/easing_functions.go:292.12,294.3 1 1
github.com/ddkwork/ux/animation/gween/ease/easing_functions.go:295.2,297.11 3 19
github.com/ddkwork/ux/animation/gween/ease/easing_functions.go:297.11,299.3 1 9
github.com/ddkwork/ux/animation/gween/ease/easing_functions.go:300.2,300.58 1 10
github.com/ddkwork/ux/animation/gween/ease/easing_functions.go:306.47,307.13 1 21
github.com/ddkwork/ux/animation/gween/ease/easing_functions.go:307.13,309.3 1 10
github.com/ddkwork/ux/animation/gween/ease/easing_functions.go:310.2,310.42 1 11
github.com/ddkwork/ux/animation/gween/ease/easing_functions.go:315.41,318.2 2 32
github.com/ddkwork/ux/animation/gween/ease/easing_functions.go:322.42,325.2 2 31
github.com/ddkwork/ux/animation/gween/ease/easing_functions.go:329.44,332.11 3 21
github.com/ddkwork/ux/animation/gween/ease/easing_functions.go:332.11,334.3 1 10
github.com/ddkwork/ux/animation/gween/ease/easing_functions.go:335.2,336.36 2 11
github.com/ddkwork/ux/animation/gween/ease/easing_functions.go:341.44,342.17 1 21
github.com/ddkwork/ux/animation/gween/ease/easing_functions.go:342.17,344.3 1 10
github.com/ddkwork/ux/animation/gween/ease/easing_functions.go:345.2,345.39 1 11
github.com/ddkwork/ux/animation/gween/ease/easing_functions.go:350.44,352.16 2 84
github.com/ddkwork/ux/animation/gween/ease/easing_functions.go:352.16,354.3 1 31
github.com/ddkwork/ux/animation/gween/ease/easing_functions.go:355.2,355.16 1 53
github.com/ddkwork/ux/animation/gween/ease/easing_functions.go:355.16,358.3 2 30
github.com/ddkwork/ux/animation/gween/ease/easing_functions.go:358.8,358.25 1 23
github.com/ddkwork/ux/animation/gween/ease/easing_functions.go:358.25,361.3 2 16
github.com/ddkwork/ux/animation/gween/ease/easing_functions.go:362.2,363.36 2 7
github.com/ddkwork/ux/animation/gween/ease/easing_functions.go:368.43,370.2 1 42
github.com/ddkwork/ux/animation/gween/ease/easing_functions.go:375.46,376.13 1 21
github.com/ddkwork/ux/animation/gween/ease/easing_functions.go:376.13,378.3 1 10
github.com/ddkwork/ux/animation/gween/ease/easing_functions.go:379.2,379.49 1 11
github.com/ddkwork/ux/animation/gween/ease/easing_functions.go:386.46,387.13 1 21
github.com/ddkwork/ux/animation/gween/ease/easing_functions.go:387.13,389.3 1 10
github.com/ddkwork/ux/animation/gween/ease/easing_functions.go:390.2,390.41 1 11
github.com/ddkwork/ux/animation/gween/ease/easing_functions.go:393.51,396.2 2 75
github.com/ddkwork/ux/animation/gween/ease/easing_functions.go:398.32,400.2 1 490
github.com/ddkwork/ux/animation/gween/ease/easing_functions.go:402.29,404.2 1 53
github.com/ddkwork/ux/animation/gween/ease/easing_functions.go:406.29,408.2 1 106
github.com/ddkwork/ux/animation/gween/ease/easing_functions.go:410.30,412.2 1 84
github.com/ddkwork/ux/giosvg/internal/svgparser/simplexml/xml.go:44.38,46.2 1 0
github.com/ddkwork/ux/giosvg/internal/svgparser/simplexml/xml_notjs.go:18.38,23.2 3 0
github.com/ddkwork/ux/giosvg/internal/svgparser/simplexml/xml_notjs.go:25.42,27.16 2 0
github.com/ddkwork/ux/giosvg/internal/svgparser/simplexml/xml_notjs.go:27.16,29.3 1 0
github.com/ddkwork/ux/giosvg/internal/svgparser/simplexml/xml_notjs.go:30.2,30.23 1 0
github.com/ddkwork/ux/giosvg/internal/svgparser/simplexml/xml_notjs.go:31.24,33.51 2 0
github.com/ddkwork/ux/giosvg/internal/svgparser/simplexml/xml_notjs.go:34.22,36.49 2 0
github.com/ddkwork/ux/giosvg/internal/svgparser/simplexml/xml_notjs.go:37.10,39.18 1 0
github.com/ddkwork/ux/icon/icon.go:13.94,15.17 2 0
github.com/ddkwork/ux/icon/icon.go:15.17,17.27 2 0
github.com/ddkwork/ux/icon/icon.go:18.21,19.17 1 0
github.com/ddkwork/ux/icon/icon.go:20.21,21.24 1 0
github.com/ddkwork/ux/icon/icon.go:22.22,23.17 1 0
github.com/ddkwork/ux/icon/icon.go:26.2,28.3 1 0
github.com/ddkwork/ux/ContextMenu.go:25.36,30.2 1 0
github.com/ddkwork/ux/ContextMenu.go:32.53,35.46 3 0
github.com/ddkwork/ux/ContextMenu.go:35.46,37.3 1 0
github.com/ddkwork/ux/ContextMenu.go:38.2,38.24 1 0
github.com/ddkwork/ux/ContextMenu.go:38.24,40.3 1 0
github.com/ddkwork/ux/ContextMenu.go:41.2,41.34 1 0
github.com/ddkwork/ux/ContextMenu.go:44.40,45.31 1 0
github.com/ddkwork/ux/ContextMenu.go:45.31,46.24 1 0
github.com/ddkwork/ux/ContextMenu.go:46.24,47.22 1 0
github.com/ddkwork/ux/ContextMenu.go:47.22,49.5 1 0
github.com/ddkwork/ux/ContextMenuItem_types_gen.go:27.43,29.2 1 0
github.com/ddkwork/ux/ContextMenuItem_types_gen.go:31.71,33.2 1 0
github.com/ddkwork/ux/ContextMenuItem_types_gen.go:35.72,37.34 2 0
github.com/ddkwork/ux/ContextMenuItem_types_gen.go:37.34,38.42 1 0
github.com/ddkwork/ux/ContextMenuItem_types_gen.go:38.42,40.4 1 0
github.com/ddkwork/ux/ContextMenuItem_types_gen.go:42.2,42.22 1 0
github.com/ddkwork/ux/ContextMenuItem_types_gen.go:45.46,46.11 1 0
github.com/ddkwork/ux/ContextMenuItem_types_gen.go:47.19,48.19 1 0
github.com/ddkwork/ux/ContextMenuItem_types_gen.go:49.30,50.30 1 0
github.com/ddkwork/ux/ContextMenuItem_types_gen.go:51.33,52.33 1 0
github.com/ddkwork/ux/ContextMenuItem_types_gen.go:53.15,54.15 1 0
github.com/ddkwork/ux/ContextMenuItem_types_gen.go:55.24,56.24 1 0
github.com/ddkwork/ux/ContextMenuItem_types_gen.go:57.18,58.18 1 0
github.com/ddkwork/ux/ContextMenuItem_types_gen.go:59.21,60.21 1 0
github.com/ddkwork/ux/ContextMenuItem_types_gen.go:61.16,62.16 1 0
github.com/ddkwork/ux/ContextMenuItem_types_gen.go:63.19,64.19 1 0
github.com/ddkwork/ux/ContextMenuItem_types_gen.go:65.20,66.20 1 0
github.com/ddkwork/ux/ContextMenuItem_types_gen.go:67.20,68.20 1 0
github.com/ddkwork/ux/ContextMenuItem_types_gen.go:69.10,70.23 1 0
github.com/ddkwork/ux/ContextMenuItem_types_gen.go:74.47,75.11 1 0
github.com/ddkwork/ux/ContextMenuItem_types_gen.go:76.19,77.19 1 0
github.com/ddkwork/ux/ContextMenuItem_types_gen.go:78.30,79.30 1 0
github.com/ddkwork/ux/ContextMenuItem_types_gen.go:80.33,81.33 1 0
github.com/ddkwork/ux/ContextMenuItem_types_gen.go:82.15,83.15 1 0
github.com/ddkwork/ux/ContextMenuItem_types_gen.go:84.24,85.24 1 0
github.com/ddkwork/ux/ContextMenuItem_types_gen.go:86.18,87.18 1 0
github.com/ddkwork/ux/ContextMenuItem_types_gen.go:88.21,89.21 1 0
github.com/ddkwork/ux/ContextMenuItem_types_gen.go:90.16,91.16 1 0
github.com/ddkwork/ux/ContextMenuItem_types_gen.go:92.19,93.19 1 0
github.com/ddkwork/ux/ContextMenuItem_types_gen.go:94.20,95.20 1 0
github.com/ddkwork/ux/ContextMenuItem_types_gen.go:96.20,97.20 1 0
github.com/ddkwork/ux/ContextMenuItem_types_gen.go:98.10,99.23 1 0
github.com/ddkwork/ux/ContextMenuItem_types_gen.go:103.47,117.2 1 0
github.com/ddkwork/ux/ContextMenuItem_types_gen.go:119.64,133.2 1 0
github.com/ddkwork/ux/ContextMenuItem_types_gen.go:135.51,137.2 1 0
github.com/ddkwork/ux/FlowWrap.go:21.37,22.16 1 0
github.com/ddkwork/ux/FlowWrap.go:22.16,48.3 5 0
github.com/ddkwork/ux/FlowWrap.go:50.2,50.79 1 0
github.com/ddkwork/ux/FlowWrap.go:50.79,52.35 1 0
github.com/ddkwork/ux/FlowWrap.go:52.35,53.68 1 0
github.com/ddkwork/ux/FlowWrap.go:53.68,57.48 2 0
github.com/ddkwork/ux/FlowWrap.go:57.49,63.7 0 0
github.com/ddkwork/ux/FlowWrap.go:65.6,65.38 1 0
github.com/ddkwork/ux/FlowWrap.go:65.38,69.7 1 0
github.com/ddkwork/ux/FlowWrap.go:71.6,71.44 1 0
github.com/ddkwork/ux/FlowWrap.go:71.45,74.7 0 0
github.com/ddkwork/ux/FlowWrap.go:74.12,74.53 1 0
github.com/ddkwork/ux/FlowWrap.go:74.54,77.7 0 0
github.com/ddkwork/ux/FlowWrap.go:80.6,85.34 1 0
github.com/ddkwork/ux/FlowWrap.go:85.34,87.7 1 0
github.com/ddkwork/ux/FlowWrap.go:89.6,89.20 1 0
github.com/ddkwork/ux/StructView.go:20.77,26.38 6 0
github.com/ddkwork/ux/StructView.go:26.38,30.3 3 0
github.com/ddkwork/ux/StructView.go:31.2,34.3 1 0
github.com/ddkwork/ux/StructView.go:37.90,41.2 3 0
github.com/ddkwork/ux/StructView.go:43.74,47.2 3 0
github.com/ddkwork/ux/StructView.go:49.64,52.30 3 0
github.com/ddkwork/ux/StructView.go:52.30,54.30 2 0
github.com/ddkwork/ux/StructView.go:54.30,56.4 1 0
github.com/ddkwork/ux/StructView.go:58.2,59.17 2 0
github.com/ddkwork/ux/StructView.go:62.67,66.24 4 0
github.com/ddkwork/ux/StructView.go:66.24,67.74 1 0
github.com/ddkwork/ux/StructView.go:67.74,70.61 2 0
github.com/ddkwork/ux/StructView.go:70.61,73.97 3 0
github.com/ddkwork/ux/StructView.go:73.97,75.68 1 0
github.com/ddkwork/ux/StructView.go:75.68,77.9 1 0
github.com/ddkwork/ux/StructView.go:78.64,79.120 1 0
github.com/ddkwork/ux/StructView.go:79.120,81.29 2 0
github.com/ddkwork/ux/StructView.go:81.29,83.11 1 0
github.com/ddkwork/ux/StructView.go:84.10,84.77 1 0
github.com/ddkwork/ux/StructView.go:90.61,91.97 1 0
github.com/ddkwork/ux/StructView.go:91.97,93.7 1 0
github.com/ddkwork/ux/StructView.go:98.2,99.123 2 0
github.com/ddkwork/ux/StructView.go:99.123,101.3 1 0
github.com/ddkwork/ux/TreeTable.go:113.48,156.2 3 0
github.com/ddkwork/ux/TreeTable.go:160.69,161.17 1 0
github.com/ddkwork/ux/TreeTable.go:161.17,162.35 1 0
github.com/ddkwork/ux/TreeTable.go:162.35,164.4 1 0
github.com/ddkwork/ux/TreeTable.go:165.3,165.23 1 0
github.com/ddkwork/ux/TreeTable.go:165.23,167.4 1 0
github.com/ddkwork/ux/TreeTable.go:168.3,215.26 3 0
github.com/ddkwork/ux/TreeTable.go:218.2,220.59 2 0
github.com/ddkwork/ux/TreeTable.go:220.59,223.81 3 0
github.com/ddkwork/ux/TreeTable.go:223.81,225.5 1 0
github.com/ddkwork/ux/TreeTable.go:227.59,228.99 1 0
github.com/ddkwork/ux/TreeTable.go:228.99,237.5 4 0
github.com/ddkwork/ux/TreeTable.go:242.97,244.28 2 0
github.com/ddkwork/ux/TreeTable.go:244.28,251.3 6 0
github.com/ddkwork/ux/TreeTable.go:252.2,257.8 3 0
github.com/ddkwork/ux/TreeTable.go:257.8,259.9 2 0
github.com/ddkwork/ux/TreeTable.go:259.9,260.11 1 0
github.com/ddkwork/ux/TreeTable.go:261.33,262.23 1 0
github.com/ddkwork/ux/TreeTable.go:264.35,265.23 1 0
github.com/ddkwork/ux/TreeTable.go:270.2,271.8 2 0
github.com/ddkwork/ux/TreeTable.go:271.8,272.26 1 0
github.com/ddkwork/ux/TreeTable.go:273.10,278.36 2 0
github.com/ddkwork/ux/TreeTable.go:278.36,280.5 1 0
github.com/ddkwork/ux/TreeTable.go:282.10,283.15 1 0
github.com/ddkwork/ux/TreeTable.go:291.2,292.9 2 0
github.com/ddkwork/ux/TreeTable.go:293.27,294.55 1 0
github.com/ddkwork/ux/TreeTable.go:295.26,297.40 1 0
github.com/ddkwork/ux/TreeTable.go:298.10,298.10 0 0
github.com/ddkwork/ux/TreeTable.go:305.2,307.85 2 0
github.com/ddkwork/ux/TreeTable.go:307.85,310.21 3 0
github.com/ddkwork/ux/TreeTable.go:310.21,312.4 1 0
github.com/ddkwork/ux/TreeTable.go:313.3,313.24 1 0
github.com/ddkwork/ux/TreeTable.go:313.24,315.22 2 0
github.com/ddkwork/ux/TreeTable.go:315.22,317.5 1 0
github.com/ddkwork/ux/TreeTable.go:318.9,319.28 1 0
github.com/ddkwork/ux/TreeTable.go:319.28,321.5 1 0
github.com/ddkwork/ux/TreeTable.go:323.3,328.60 4 0
github.com/ddkwork/ux/TreeTable.go:328.60,329.76 1 0
github.com/ddkwork/ux/TreeTable.go:329.76,332.24 2 0
github.com/ddkwork/ux/TreeTable.go:332.24,333.85 1 0
github.com/ddkwork/ux/TreeTable.go:333.85,335.8 1 0
github.com/ddkwork/ux/TreeTable.go:337.6,337.84 1 0
github.com/ddkwork/ux/TreeTable.go:337.84,339.19 2 0
github.com/ddkwork/ux/TreeTable.go:339.19,341.8 1 0
github.com/ddkwork/ux/TreeTable.go:342.7,342.78 1 0
github.com/ddkwork/ux/TreeTable.go:346.60,348.76 1 0
github.com/ddkwork/ux/TreeTable.go:348.76,350.89 1 0
github.com/ddkwork/ux/TreeTable.go:350.89,352.7 1 0
github.com/ddkwork/ux/TreeTable.go:353.6,353.32 1 0
github.com/ddkwork/ux/TreeTable.go:359.2,359.86 1 0
github.com/ddkwork/ux/TreeTable.go:359.86,361.3 1 0
github.com/ddkwork/ux/TreeTable.go:364.2,364.38 1 0
github.com/ddkwork/ux/TreeTable.go:364.38,365.87 1 0
github.com/ddkwork/ux/TreeTable.go:365.87,366.75 1 0
github.com/ddkwork/ux/TreeTable.go:366.75,367.105 1 0
github.com/ddkwork/ux/TreeTable.go:367.105,370.65 2 0
github.com/ddkwork/ux/TreeTable.go:370.65,371.31 1 0
github.com/ddkwork/ux/TreeTable.go:371.31,376.9 1 0
github.com/ddkwork/ux/TreeTable.go:377.8,377.37 1 0
github.com/ddkwork/ux/TreeTable.go:379.66,380.36 1 0
github.com/ddkwork/ux/TreeTable.go:380.36,382.9 1 0
github.com/ddkwork/ux/TreeTable.go:383.8,384.30 2 0
github.com/ddkwork/ux/TreeTable.go:384.30,408.9 2 0
github.com/ddkwork/ux/TreeTable.go:409.8,409.32 1 0
github.com/ddkwork/ux/TreeTable.go:409.32,412.54 3 0
github.com/ddkwork/ux/TreeTable.go:412.54,413.22 1 0
github.com/ddkwork/ux/TreeTable.go:414.27,418.35 1 0
github.com/ddkwork/ux/TreeTable.go:418.35,418.50 1 0
github.com/ddkwork/ux/TreeTable.go:419.30,419.61 1 0
github.com/ddkwork/ux/TreeTable.go:422.38,426.31 1 0
github.com/ddkwork/ux/TreeTable.go:426.31,426.56 1 0
github.com/ddkwork/ux/TreeTable.go:427.23,432.13 4 0
github.com/ddkwork/ux/TreeTable.go:435.41,439.31 1 0
github.com/ddkwork/ux/TreeTable.go:439.31,439.55 1 0
github.com/ddkwork/ux/TreeTable.go:440.23,443.59 3 0
github.com/ddkwork/ux/TreeTable.go:443.59,446.14 2 0
github.com/ddkwork/ux/TreeTable.go:447.13,447.43 1 0
github.com/ddkwork/ux/TreeTable.go:452.23,456.31 1 0
github.com/ddkwork/ux/TreeTable.go:456.31,456.46 1 0
github.com/ddkwork/ux/TreeTable.go:457.23,460.13 2 0
github.com/ddkwork/ux/TreeTable.go:463.32,467.31 1 0
github.com/ddkwork/ux/TreeTable.go:467.31,467.46 1 0
github.com/ddkwork/ux/TreeTable.go:468.23,471.13 2 0
github.com/ddkwork/ux/TreeTable.go:474.26,478.35 1 0
github.com/ddkwork/ux/TreeTable.go:478.35,478.50 1 0
github.com/ddkwork/ux/TreeTable.go:479.30,479.47 1 0
github.com/ddkwork/ux/TreeTable.go:482.29,486.31 1 0
github.com/ddkwork/ux/TreeTable.go:486.31,486.46 1 0
github.com/ddkwork/ux/TreeTable.go:487.23,489.13 1 0
github.com/ddkwork/ux/TreeTable.go:492.24,496.39 1 0
github.com/ddkwork/ux/TreeTable.go:496.39,496.54 1 0
github.com/ddkwork/ux/TreeTable.go:497.34,497.49 1 0
github.com/ddkwork/ux/TreeTable.go:501.27,505.35 1 0
github.com/ddkwork/ux/TreeTable.go:505.35,505.50 1 0
github.com/ddkwork/ux/TreeTable.go:506.30,506.50 1 0
github.com/ddkwork/ux/TreeTable.go:509.28,513.35 1 0
github.com/ddkwork/ux/TreeTable.go:513.35,513.50 1 0
github.com/ddkwork/ux/TreeTable.go:514.30,514.51 1 0
github.com/ddkwork/ux/TreeTable.go:517.28,521.35 1 0
github.com/ddkwork/ux/TreeTable.go:521.35,521.50 1 0
github.com/ddkwork/ux/TreeTable.go:522.30,522.46 1 0
github.com/ddkwork/ux/TreeTable.go:526.10,527.24 2 0
github.com/ddkwork/ux/TreeTable.go:527.24,529.11 1 0
github.com/ddkwork/ux/TreeTable.go:531.9,531.62 1 0
github.com/ddkwork/ux/TreeTable.go:531.62,532.37 1 0
github.com/ddkwork/ux/TreeTable.go:532.37,533.25 1 0
github.com/ddkwork/ux/TreeTable.go:533.25,535.12 1 0
github.com/ddkwork/ux/TreeTable.go:539.8,540.82 2 0
github.com/ddkwork/ux/TreeTable.go:540.82,542.9 1 0
github.com/ddkwork/ux/TreeTable.go:550.2,551.59 1 0
github.com/ddkwork/ux/TreeTable.go:551.59,552.86 1 0
github.com/ddkwork/ux/TreeTable.go:552.86,556.5 3 0
github.com/ddkwork/ux/TreeTable.go:559.2,559.37 1 0
github.com/ddkwork/ux/TreeTable.go:559.37,560.36 1 0
github.com/ddkwork/ux/TreeTable.go:560.36,561.80 1 0
github.com/ddkwork/ux/TreeTable.go:561.80,564.5 2 0
github.com/ddkwork/ux/TreeTable.go:568.2,568.116 1 0
github.com/ddkwork/ux/TreeTable.go:571.81,572.49 1 0
github.com/ddkwork/ux/TreeTable.go:572.49,587.3 4 0
github.com/ddkwork/ux/TreeTable.go:590.45,590.77 1 0
github.com/ddkwork/ux/TreeTable.go:592.87,598.37 4 0
github.com/ddkwork/ux/TreeTable.go:598.37,600.3 1 0
github.com/ddkwork/ux/TreeTable.go:609.2,615.19 2 0
github.com/ddkwork/ux/TreeTable.go:615.19,618.3 2 0
github.com/ddkwork/ux/TreeTable.go:619.2,619.70 1 0
github.com/ddkwork/ux/TreeTable.go:623.49,626.31 3 0
github.com/ddkwork/ux/TreeTable.go:626.31,627.35 1 0
github.com/ddkwork/ux/TreeTable.go:627.35,629.4 1 0
github.com/ddkwork/ux/TreeTable.go:630.3,647.5 1 0
github.com/ddkwork/ux/TreeTable.go:649.2,649.8 1 0
github.com/ddkwork/ux/TreeTable.go:652.61,655.37 3 0
github.com/ddkwork/ux/TreeTable.go:655.37,657.3 1 0
github.com/ddkwork/ux/TreeTable.go:658.2,663.35 6 0
github.com/ddkwork/ux/TreeTable.go:663.35,664.33 1 0
github.com/ddkwork/ux/TreeTable.go:664.33,665.12 1 0
github.com/ddkwork/ux/TreeTable.go:667.3,669.31 3 0
github.com/ddkwork/ux/TreeTable.go:669.31,670.47 1 0
github.com/ddkwork/ux/TreeTable.go:670.47,672.5 1 0
github.com/ddkwork/ux/TreeTable.go:673.4,674.33 2 0
github.com/ddkwork/ux/TreeTable.go:674.33,676.5 1 0
github.com/ddkwork/ux/TreeTable.go:679.2,680.49 2 0
github.com/ddkwork/ux/TreeTable.go:680.49,684.3 2 0
github.com/ddkwork/ux/TreeTable.go:685.2,686.30 2 0
github.com/ddkwork/ux/TreeTable.go:690.35,694.18 4 0
github.com/ddkwork/ux/TreeTable.go:694.18,701.3 6 0
github.com/ddkwork/ux/TreeTable.go:705.57,706.20 1 0
github.com/ddkwork/ux/TreeTable.go:706.20,708.3 1 0
github.com/ddkwork/ux/TreeTable.go:709.2,711.25 3 0
github.com/ddkwork/ux/TreeTable.go:711.25,713.3 1 0
github.com/ddkwork/ux/TreeTable.go:714.2,714.27 1 0
github.com/ddkwork/ux/TreeTable.go:714.27,715.22 1 0
github.com/ddkwork/ux/TreeTable.go:715.22,717.4 1 0
github.com/ddkwork/ux/TreeTable.go:719.2,719.8 1 0
github.com/ddkwork/ux/TreeTable.go:722.74,725.41 3 0
github.com/ddkwork/ux/TreeTable.go:725.41,726.20 1 0
github.com/ddkwork/ux/TreeTable.go:726.20,727.12 1 0
github.com/ddkwork/ux/TreeTable.go:729.3,730.29 2 0
github.com/ddkwork/ux/TreeTable.go:730.29,732.56 2 0
github.com/ddkwork/ux/TreeTable.go:732.56,735.31 2 0
github.com/ddkwork/ux/TreeTable.go:736.19,737.40 1 0
github.com/ddkwork/ux/TreeTable.go:738.24,739.41 1 0
github.com/ddkwork/ux/TreeTable.go:740.25,741.40 1 0
github.com/ddkwork/ux/TreeTable.go:744.10,748.5 3 0
github.com/ddkwork/ux/TreeTable.go:750.4,752.66 2 0
github.com/ddkwork/ux/TreeTable.go:752.66,753.38 1 0
github.com/ddkwork/ux/TreeTable.go:753.38,756.6 2 0
github.com/ddkwork/ux/TreeTable.go:757.5,757.31 1 0
github.com/ddkwork/ux/TreeTable.go:758.19,758.19 0 0
github.com/ddkwork/ux/TreeTable.go:759.24,760.41 1 0
github.com/ddkwork/ux/TreeTable.go:761.25,762.41 1 0
github.com/ddkwork/ux/TreeTable.go:764.5,764.13 1 0
github.com/ddkwork/ux/TreeTable.go:769.3,773.9 2 0
github.com/ddkwork/ux/TreeTable.go:773.9,775.10 2 0
github.com/ddkwork/ux/TreeTable.go:775.10,776.61 1 0
github.com/ddkwork/ux/TreeTable.go:776.61,778.6 1 0
github.com/ddkwork/ux/TreeTable.go:780.5,780.22 1 0
github.com/ddkwork/ux/TreeTable.go:781.32,781.32 0 0
github.com/ddkwork/ux/TreeTable.go:796.34,797.33 1 0
github.com/ddkwork/ux/TreeTable.go:797.33,799.7 1 0
github.com/ddkwork/ux/TreeTable.go:804.3,804.79 1 0
github.com/ddkwork/ux/TreeTable.go:804.79,805.99 1 0
github.com/ddkwork/ux/TreeTable.go:805.99,808.64 1 0
github.com/ddkwork/ux/TreeTable.go:808.64,809.92 1 0
github.com/ddkwork/ux/TreeTable.go:809.92,811.24 2 0
github.com/ddkwork/ux/TreeTable.go:811.24,813.9 1 0
github.com/ddkwork/ux/TreeTable.go:814.8,815.92 2 0
github.com/ddkwork/ux/TreeTable.go:815.92,817.9 1 0
github.com/ddkwork/ux/TreeTable.go:818.8,818.24 1 0
github.com/ddkwork/ux/TreeTable.go:821.65,822.39 1 0
github.com/ddkwork/ux/TreeTable.go:822.39,824.8 1 0
github.com/ddkwork/ux/TreeTable.go:825.7,826.29 2 0
github.com/ddkwork/ux/TreeTable.go:826.29,846.8 2 0
github.com/ddkwork/ux/TreeTable.go:847.7,847.38 1 0
github.com/ddkwork/ux/TreeTable.go:847.38,852.36 2 0
github.com/ddkwork/ux/TreeTable.go:852.36,852.51 1 0
github.com/ddkwork/ux/TreeTable.go:853.31,853.52 1 0
github.com/ddkwork/ux/TreeTable.go:858.7,859.81 2 0
github.com/ddkwork/ux/TreeTable.go:859.81,861.8 1 0
github.com/ddkwork/ux/TreeTable.go:867.2,870.61 2 0
github.com/ddkwork/ux/TreeTable.go:870.61,872.4 1 0
github.com/ddkwork/ux/TreeTable.go:873.62,876.4 2 0
github.com/ddkwork/ux/TreeTable.go:887.54,892.2 1 0
github.com/ddkwork/ux/TreeTable.go:899.41,900.21 1 0
github.com/ddkwork/ux/TreeTable.go:900.21,902.3 1 0
github.com/ddkwork/ux/TreeTable.go:903.2,903.22 1 0
github.com/ddkwork/ux/TreeTable.go:909.53,910.13 1 0
github.com/ddkwork/ux/TreeTable.go:910.13,915.3 4 0
github.com/ddkwork/ux/TreeTable.go:918.62,919.37 1 0
github.com/ddkwork/ux/TreeTable.go:919.37,922.3 2 0
github.com/ddkwork/ux/TreeTable.go:923.2,928.33 6 0
github.com/ddkwork/ux/TreeTable.go:928.33,931.3 2 0
github.com/ddkwork/ux/TreeTable.go:932.2,934.19 3 0
github.com/ddkwork/ux/TreeTable.go:937.56,968.71 1 0
github.com/ddkwork/ux/TreeTable.go:968.71,970.33 2 0
github.com/ddkwork/ux/TreeTable.go:970.33,972.4 1 0
github.com/ddkwork/ux/TreeTable.go:1001.82,1017.15 3 0
github.com/ddkwork/ux/TreeTable.go:1017.15,1019.3 1 0
github.com/ddkwork/ux/TreeTable.go:1021.2,1021.36 1 0
github.com/ddkwork/ux/TreeTable.go:1021.36,1023.3 1 0
github.com/ddkwork/ux/TreeTable.go:1026.2,1026.32 1 0
github.com/ddkwork/ux/TreeTable.go:1026.32,1033.7 5 0
github.com/ddkwork/ux/TreeTable.go:1033.7,1035.11 2 0
github.com/ddkwork/ux/TreeTable.go:1035.11,1036.10 1 0
github.com/ddkwork/ux/TreeTable.go:1038.4,1038.19 1 0
github.com/ddkwork/ux/TreeTable.go:1039.23,1041.62 2 0
github.com/ddkwork/ux/TreeTable.go:1042.22,1046.51 2 0
github.com/ddkwork/ux/TreeTable.go:1049.3,1049.17 1 0
github.com/ddkwork/ux/TreeTable.go:1049.17,1051.50 2 0
github.com/ddkwork/ux/TreeTable.go:1051.50,1054.42 3 0
github.com/ddkwork/ux/TreeTable.go:1054.42,1058.6 3 0
github.com/ddkwork/ux/TreeTable.go:1059.5,1059.46 1 0
github.com/ddkwork/ux/TreeTable.go:1059.46,1063.6 3 0
github.com/ddkwork/ux/TreeTable.go:1064.10,1066.42 1 0
github.com/ddkwork/ux/TreeTable.go:1066.42,1068.6 1 0
github.com/ddkwork/ux/TreeTable.go:1071.4,1071.59 1 0
github.com/ddkwork/ux/TreeTable.go:1071.59,1073.5 1 0
github.com/ddkwork/ux/TreeTable.go:1075.4,1076.32 2 0
github.com/ddkwork/ux/TreeTable.go:1076.32,1078.5 1 0
github.com/ddkwork/ux/TreeTable.go:1079.4,1080.46 2 0
github.com/ddkwork/ux/TreeTable.go:1080.46,1082.5 1 0
github.com/ddkwork/ux/TreeTable.go:1086.2,1086.6 1 0
github.com/ddkwork/ux/TreeTable.go:1086.6,1094.26 4 0
github.com/ddkwork/ux/TreeTable.go:1094.26,1097.4 2 0
github.com/ddkwork/ux/TreeTable.go:1098.3,1101.26 3 0
github.com/ddkwork/ux/TreeTable.go:1101.26,1103.20 2 0
github.com/ddkwork/ux/TreeTable.go:1103.20,1106.5 2 0
github.com/ddkwork/ux/TreeTable.go:1108.4,1118.51 9 0
github.com/ddkwork/ux/TreeTable.go:1118.51,1120.5 1 0
github.com/ddkwork/ux/TreeTable.go:1122.4,1123.15 2 0
github.com/ddkwork/ux/TreeTable.go:1125.3,1127.40 2 0
github.com/ddkwork/ux/TreeTable.go:1127.40,1128.12 1 0
github.com/ddkwork/ux/TreeTable.go:1131.3,1140.33 3 0
github.com/ddkwork/ux/TreeTable.go:1140.33,1146.24 3 0
github.com/ddkwork/ux/TreeTable.go:1146.24,1149.5 2 0
github.com/ddkwork/ux/TreeTable.go:1155.4,1161.24 3 0
github.com/ddkwork/ux/TreeTable.go:1161.24,1168.62 5 0
github.com/ddkwork/ux/TreeTable.go:1168.62,1184.6 7 0
github.com/ddkwork/ux/TreeTable.go:1192.4,1198.15 6 0
github.com/ddkwork/ux/TreeTable.go:1201.3,1203.4 1 0
github.com/ddkwork/ux/TreeTable.go:1211.51,1213.2 1 0
github.com/ddkwork/ux/TreeTable.go:1216.46,1217.27 1 0
github.com/ddkwork/ux/TreeTable.go:1217.27,1219.3 1 0
github.com/ddkwork/ux/TreeTable.go:1220.2,1220.19 1 0
github.com/ddkwork/ux/TreeTable.go:1223.22,1223.46 1 0
github.com/ddkwork/ux/TreeTable.go:1225.42,1225.74 1 0
github.com/ddkwork/ux/TreeTable.go:1226.44,1227.16 1 0
github.com/ddkwork/ux/TreeTable.go:1227.16,1231.3 3 0
github.com/ddkwork/ux/TreeTable.go:1232.2,1233.46 2 0
github.com/ddkwork/ux/TreeTable.go:1233.46,1235.30 2 0
github.com/ddkwork/ux/TreeTable.go:1235.30,1237.42 1 0
github.com/ddkwork/ux/TreeTable.go:1237.42,1239.5 1 0
github.com/ddkwork/ux/TreeTable.go:1256.2,1256.30 1 0
github.com/ddkwork/ux/TreeTable.go:1256.30,1258.3 1 0
github.com/ddkwork/ux/TreeTable.go:1260.2,1262.18 2 0
github.com/ddkwork/ux/TreeTable.go:1265.31,1266.78 1 0
github.com/ddkwork/ux/TreeTable.go:1266.78,1268.3 1 0
github.com/ddkwork/ux/TreeTable.go:1269.2,1269.45 1 0
github.com/ddkwork/ux/TreeTable.go:1269.45,1270.36 1 0
github.com/ddkwork/ux/TreeTable.go:1270.36,1272.4 1 0
github.com/ddkwork/ux/TreeTable.go:1273.3,1273.36 1 0
github.com/ddkwork/ux/TreeTable.go:1273.36,1275.4 1 0
github.com/ddkwork/ux/TreeTable.go:1276.3,1278.29 3 0
github.com/ddkwork/ux/TreeTable.go:1278.29,1280.4 1 0
github.com/ddkwork/ux/TreeTable.go:1281.3,1281.23 1 0
github.com/ddkwork/ux/TreeTable.go:1286.53,1294.2 4 0
github.com/ddkwork/ux/TreeTable.go:1296.48,1301.2 3 0
github.com/ddkwork/ux/TreeTable.go:1303.40,1303.70 1 0
github.com/ddkwork/ux/TreeTable.go:1305.42,1309.41 2 0
github.com/ddkwork/ux/TreeTable.go:1309.41,1311.3 1 0
github.com/ddkwork/ux/TreeTable.go:1313.2,1313.19 1 0
github.com/ddkwork/ux/TreeTable.go:1316.87,1319.48 3 0
github.com/ddkwork/ux/TreeTable.go:1319.48,1321.3 1 0
github.com/ddkwork/ux/TreeTable.go:1322.2,1327.41 4 0
github.com/ddkwork/ux/TreeTable.go:1327.41,1331.13 2 0
github.com/ddkwork/ux/TreeTable.go:1331.13,1333.4 1 0
github.com/ddkwork/ux/TreeTable.go:1335.3,1336.26 2 0
github.com/ddkwork/ux/TreeTable.go:1336.26,1338.4 1 0
github.com/ddkwork/ux/TreeTable.go:1341.2,1343.12 3 0
github.com/ddkwork/ux/TreeTable.go:1346.80,1347.33 1 0
github.com/ddkwork/ux/TreeTable.go:1347.33,1350.39 3 0
github.com/ddkwork/ux/TreeTable.go:1350.39,1351.14 1 0
github.com/ddkwork/ux/TreeTable.go:1351.14,1354.29 3 0
github.com/ddkwork/ux/TreeTable.go:1354.29,1356.6 1 0
github.com/ddkwork/ux/TreeTable.go:1356.11,1358.6 1 0
github.com/ddkwork/ux/TreeTable.go:1359.5,1360.88 2 0
github.com/ddkwork/ux/TreeTable.go:1360.88,1362.6 1 0
github.com/ddkwork/ux/TreeTable.go:1363.5,1366.13 4 0
github.com/ddkwork/ux/TreeTable.go:1368.4,1369.72 2 0
github.com/ddkwork/ux/TreeTable.go:1369.72,1371.5 1 0
github.com/ddkwork/ux/TreeTable.go:1372.4,1372.28 1 0
github.com/ddkwork/ux/TreeTable.go:1374.3,1375.30 2 0
github.com/ddkwork/ux/TreeTable.go:1375.30,1377.4 1 0
github.com/ddkwork/ux/TreeTable.go:1407.38,1407.79 1 0
github.com/ddkwork/ux/TreeTable.go:1408.38,1408.64 1 0
github.com/ddkwork/ux/TreeTable.go:1410.46,1410.81 1 0
github.com/ddkwork/ux/TreeTable.go:1411.75,1415.2 3 0
github.com/ddkwork/ux/TreeTable.go:1417.92,1420.31 3 0
github.com/ddkwork/ux/TreeTable.go:1420.31,1421.23 1 0
github.com/ddkwork/ux/TreeTable.go:1421.23,1423.4 1 0
github.com/ddkwork/ux/TreeTable.go:1424.3,1424.71 1 0
github.com/ddkwork/ux/TreeTable.go:1426.2,1426.8 1 0
github.com/ddkwork/ux/TreeTable.go:1429.72,1430.17 1 0
github.com/ddkwork/ux/TreeTable.go:1430.17,1432.3 1 0
github.com/ddkwork/ux/TreeTable.go:1433.2,1442.10 2 0
github.com/ddkwork/ux/TreeTable.go:1445.42,1445.71 1 0
github.com/ddkwork/ux/TreeTable.go:1447.50,1448.29 1 0
github.com/ddkwork/ux/TreeTable.go:1448.29,1450.3 1 0
github.com/ddkwork/ux/TreeTable.go:1453.86,1457.2 3 0
github.com/ddkwork/ux/TreeTable.go:1459.40,1463.26 3 0
github.com/ddkwork/ux/TreeTable.go:1463.26,1465.3 1 0
github.com/ddkwork/ux/TreeTable.go:1466.2,1467.12 2 0
github.com/ddkwork/ux/TreeTable.go:1470.36,1470.51 1 0
github.com/ddkwork/ux/TreeTable.go:1471.36,1471.93 1 0
github.com/ddkwork/ux/TreeTable.go:1473.44,1474.19 1 0
github.com/ddkwork/ux/TreeTable.go:1474.19,1476.3 1 0
github.com/ddkwork/ux/TreeTable.go:1477.2,1477.13 1 0
github.com/ddkwork/ux/TreeTable.go:1480.46,1480.63 1 0
github.com/ddkwork/ux/TreeTable.go:1481.46,1481.66 1 0
github.com/ddkwork/ux/TreeTable.go:1482.46,1482.82 1 0
github.com/ddkwork/ux/TreeTable.go:1483.46,1483.82 1 0
github.com/ddkwork/ux/TreeTable.go:1484.46,1484.65 1 0
github.com/ddkwork/ux/TreeTable.go:1485.46,1485.67 1 0
github.com/ddkwork/ux/TreeTable.go:1486.39,1487.20 1 0
github.com/ddkwork/ux/TreeTable.go:1487.20,1490.3 2 0
github.com/ddkwork/ux/TreeTable.go:1492.51,1492.71 1 0
github.com/ddkwork/ux/TreeTable.go:1493.51,1493.77 1 0
github.com/ddkwork/ux/TreeTable.go:1494.51,1494.98 1 0
github.com/ddkwork/ux/TreeTable.go:1495.51,1495.82 1 0
github.com/ddkwork/ux/TreeTable.go:1496.44,1499.2 2 0
github.com/ddkwork/ux/TreeTable.go:1501.47,1504.2 2 0
github.com/ddkwork/ux/TreeTable.go:1506.31,1514.2 1 0
github.com/ddkwork/ux/TreeTable.go:1516.28,1517.40 1 0
github.com/ddkwork/ux/TreeTable.go:1517.40,1518.23 1 0
github.com/ddkwork/ux/TreeTable.go:1518.23,1520.9 2 0
github.com/ddkwork/ux/TreeTable.go:1532.57,1534.2 1 0
github.com/ddkwork/ux/TreeTable.go:1536.72,1540.2 3 0
github.com/ddkwork/ux/TreeTable.go:1542.51,1546.2 3 0
github.com/ddkwork/ux/TreeTable.go:1548.49,1551.59 3 0
github.com/ddkwork/ux/TreeTable.go:1551.59,1552.76 1 0
github.com/ddkwork/ux/TreeTable.go:1552.76,1554.4 1 0
github.com/ddkwork/ux/TreeTable.go:1555.3,1555.30 1 0
github.com/ddkwork/ux/TreeTable.go:1557.2,1557.21 1 0
github.com/ddkwork/ux/TreeTable.go:1557.21,1559.3 1 0
github.com/ddkwork/ux/TreeTable.go:1561.2,1563.36 3 0
github.com/ddkwork/ux/TreeTable.go:1566.43,1567.40 1 0
github.com/ddkwork/ux/TreeTable.go:1567.40,1568.23 1 0
github.com/ddkwork/ux/TreeTable.go:1568.23,1570.9 2 0
github.com/ddkwork/ux/TreeTable.go:1573.2,1573.8 1 0
github.com/ddkwork/ux/TreeTable.go:1576.54,1579.29 3 0
github.com/ddkwork/ux/TreeTable.go:1579.29,1581.23 2 0
github.com/ddkwork/ux/TreeTable.go:1581.23,1583.4 1 0
github.com/ddkwork/ux/TreeTable.go:1585.2,1587.19 3 0
github.com/ddkwork/ux/TreeTable.go:1590.49,1592.27 2 0
github.com/ddkwork/ux/TreeTable.go:1592.27,1593.28 1 0
github.com/ddkwork/ux/TreeTable.go:1593.28,1595.4 1 0
github.com/ddkwork/ux/TreeTable.go:1597.2,1597.14 1 0
github.com/ddkwork/ux/TreeTable.go:1600.51,1601.46 1 0
github.com/ddkwork/ux/TreeTable.go:1601.46,1602.19 1 0
github.com/ddkwork/ux/TreeTable.go:1602.19,1604.4 1 0
github.com/ddkwork/ux/TreeTable.go:1605.3,1605.36 1 0
github.com/ddkwork/ux/TreeTable.go:1605.36,1606.24 1 0
github.com/ddkwork/ux/TreeTable.go:1606.24,1607.10 1 0
github.com/ddkwork/ux/TreeTable.go:1609.4,1609.31 1 0
github.com/ddkwork/ux/TreeTable.go:1609.31,1612.5 1 0
github.com/ddkwork/ux/TreeTable.go:1617.57,1618.46 1 0
github.com/ddkwork/ux/TreeTable.go:1618.46,1619.36 1 0
github.com/ddkwork/ux/TreeTable.go:1619.36,1620.25 1 0
github.com/ddkwork/ux/TreeTable.go:1620.25,1621.25 1 0
github.com/ddkwork/ux/TreeTable.go:1621.25,1622.11 1 0
github.com/ddkwork/ux/TreeTable.go:1629.60,1630.46 1 0
github.com/ddkwork/ux/TreeTable.go:1630.46,1631.20 1 0
github.com/ddkwork/ux/TreeTable.go:1631.20,1632.20 1 0
github.com/ddkwork/ux/TreeTable.go:1632.20,1634.5 1 0
github.com/ddkwork/ux/TreeTable.go:1636.3,1636.44 1 0
github.com/ddkwork/ux/TreeTable.go:1636.44,1637.28 1 0
github.com/ddkwork/ux/TreeTable.go:1637.28,1638.10 1 0
github.com/ddkwork/ux/TreeTable.go:1640.4,1640.45 1 0
github.com/ddkwork/ux/TreeTable.go:1640.45,1641.32 1 0
github.com/ddkwork/ux/TreeTable.go:1641.32,1643.6 1 0
github.com/ddkwork/ux/TreeTable.go:1670.38,1672.32 2 0
github.com/ddkwork/ux/TreeTable.go:1672.32,1674.28 2 0
github.com/ddkwork/ux/TreeTable.go:1674.28,1676.4 1 0
github.com/ddkwork/ux/TreeTable.go:1678.2,1678.17 1 0
github.com/ddkwork/ux/TreeTable.go:1681.35,1682.17 1 0
github.com/ddkwork/ux/TreeTable.go:1682.17,1684.3 1 0
github.com/ddkwork/ux/TreeTable.go:1685.2,1685.10 1 0
github.com/ddkwork/ux/TreeTable.go:1688.37,1688.63 1 0
github.com/ddkwork/ux/TreeTable.go:1689.52,1690.39 1 0
github.com/ddkwork/ux/TreeTable.go:1690.39,1692.3 1 0
github.com/ddkwork/ux/TreeTable.go:1693.2,1693.52 1 0
github.com/ddkwork/ux/TreeTable.go:1695.38,1695.67 1 0
github.com/ddkwork/ux/TreeTable.go:1696.52,1699.2 2 0
github.com/ddkwork/ux/TreeTable.go:1701.49,1704.2 2 0
github.com/ddkwork/ux/TreeTable.go:1706.29,1707.41 1 0
github.com/ddkwork/ux/TreeTable.go:1707.41,1709.3 1 0
github.com/ddkwork/ux/TreeTable.go:1712.30,1713.41 1 0
github.com/ddkwork/ux/TreeTable.go:1713.41,1715.3 1 0
github.com/ddkwork/ux/TreeTable.go:1718.41,1722.25 4 0
github.com/ddkwork/ux/TreeTable.go:1722.25,1724.3 1 0
github.com/ddkwork/ux/TreeTable.go:1725.2,1726.8 2 0
github.com/ddkwork/ux/TreeTable.go:1729.68,1731.2 1 0
github.com/ddkwork/ux/TreeTable.go:1733.82,1734.33 1 0
github.com/ddkwork/ux/TreeTable.go:1734.33,1736.14 2 0
github.com/ddkwork/ux/TreeTable.go:1736.14,1738.4 1 0
github.com/ddkwork/ux/TreeTable.go:1739.3,1739.30 1 0
github.com/ddkwork/ux/TreeTable.go:1739.30,1741.4 1 0
github.com/ddkwork/ux/about.go:34.37,36.27 2 0
github.com/ddkwork/ux/about.go:36.27,38.3 1 0
github.com/ddkwork/ux/about.go:39.2,39.13 1 0
github.com/ddkwork/ux/about.go:43.56,86.6 14 0
github.com/ddkwork/ux/about.go:86.6,88.35 1 0
github.com/ddkwork/ux/about.go:91.23,98.8 2 0
github.com/ddkwork/ux/about.go:98.8,106.12 2 0
github.com/ddkwork/ux/about.go:106.12,107.11 1 0
github.com/ddkwork/ux/about.go:109.5,111.20 3 0
github.com/ddkwork/ux/about.go:111.20,113.6 1 0
github.com/ddkwork/ux/about.go:117.4,117.8 1 0
github.com/ddkwork/ux/about.go:117.8,124.12 2 0
github.com/ddkwork/ux/about.go:124.12,125.11 1 0
github.com/ddkwork/ux/about.go:127.5,129.29 2 0
github.com/ddkwork/ux/about.go:133.4,133.8 1 0
github.com/ddkwork/ux/about.go:133.8,152.12 2 0
github.com/ddkwork/ux/about.go:152.12,153.11 1 0
github.com/ddkwork/ux/about.go:155.5,156.42 2 0
github.com/ddkwork/ux/about.go:156.42,162.29 4 0
github.com/ddkwork/ux/about.go:162.29,164.7 1 0
github.com/ddkwork/ux/about.go:167.6,167.31 1 0
github.com/ddkwork/ux/about.go:167.31,169.39 2 0
github.com/ddkwork/ux/about.go:169.39,171.8 1 0
github.com/ddkwork/ux/about.go:175.6,175.21 1 0
github.com/ddkwork/ux/about.go:175.21,177.7 1 0
github.com/ddkwork/ux/about.go:180.6,180.21 1 0
github.com/ddkwork/ux/about.go:180.21,182.7 1 0
github.com/ddkwork/ux/about.go:185.6,185.48 1 0
github.com/ddkwork/ux/about.go:185.48,187.7 1 0
github.com/ddkwork/ux/about.go:188.6,188.32 1 0
github.com/ddkwork/ux/about.go:188.32,190.7 1 0
github.com/ddkwork/ux/about.go:191.6,191.21 1 0
github.com/ddkwork/ux/about.go:191.21,193.7 1 0
github.com/ddkwork/ux/about.go:196.6,196.78 1 0
github.com/ddkwork/ux/about.go:196.78,198.7 1 0
github.com/ddkwork/ux/about.go:199.6,199.34 1 0
github.com/ddkwork/ux/about.go:199.34,201.7 1 0
github.com/ddkwork/ux/about.go:204.6,204.21 1 0
github.com/ddkwork/ux/about.go:204.21,207.7 2 0
github.com/ddkwork/ux/about.go:210.6,210.21 1 0
github.com/ddkwork/ux/about.go:210.21,211.24 1 0
github.com/ddkwork/ux/about.go:211.24,213.8 1 0
github.com/ddkwork/ux/about.go:214.7,214.25 1 0
github.com/ddkwork/ux/about.go:214.25,217.8 2 0
github.com/ddkwork/ux/about.go:221.6,221.21 1 0
github.com/ddkwork/ux/about.go:221.21,223.7 1 0
github.com/ddkwork/ux/about.go:226.6,226.21 1 0
github.com/ddkwork/ux/about.go:226.21,228.7 1 0
github.com/ddkwork/ux/about.go:231.6,231.21 1 0
github.com/ddkwork/ux/about.go:231.21,233.7 1 0
github.com/ddkwork/ux/about.go:235.6,235.21 1 0
github.com/ddkwork/ux/about.go:235.21,237.7 1 0
github.com/ddkwork/ux/about.go:240.6,240.21 1 0
github.com/ddkwork/ux/about.go:240.21,241.31 1 0
github.com/ddkwork/ux/about.go:241.31,243.8 1 0
github.com/ddkwork/ux/about.go:243.13,245.8 1 0
github.com/ddkwork/ux/about.go:253.4,258.18 2 0
github.com/ddkwork/ux/about.go:258.18,259.22 1 0
github.com/ddkwork/ux/about.go:259.22,261.6 1 0
github.com/ddkwork/ux/about.go:262.5,265.21 3 0
github.com/ddkwork/ux/about.go:269.4,290.19 5 0
github.com/ddkwork/ux/about.go:290.19,294.32 1 0
github.com/ddkwork/ux/about.go:294.32,303.8 4 0
github.com/ddkwork/ux/about.go:310.4,324.20 6 0
github.com/ddkwork/ux/about.go:327.25,328.19 1 0
github.com/ddkwork/ux/button.go:21.98,45.2 2 0
github.com/ddkwork/ux/button.go:47.66,49.2 1 0
github.com/ddkwork/ux/button.go:51.73,53.2 1 0
github.com/ddkwork/ux/button.go:71.54,90.2 2 0
github.com/ddkwork/ux/button.go:92.42,95.2 2 0
github.com/ddkwork/ux/button.go:97.40,100.2 2 0
github.com/ddkwork/ux/button.go:102.53,105.2 2 0
github.com/ddkwork/ux/button.go:107.53,110.2 2 0
github.com/ddkwork/ux/button.go:112.56,115.2 2 0
github.com/ddkwork/ux/button.go:117.63,118.23 1 0
github.com/ddkwork/ux/button.go:118.23,119.21 1 0
github.com/ddkwork/ux/button.go:119.21,121.4 1 0
github.com/ddkwork/ux/button.go:130.2,130.55 1 0
github.com/ddkwork/ux/button.go:130.55,138.60 1 0
github.com/ddkwork/ux/button.go:138.60,143.61 1 0
github.com/ddkwork/ux/button.go:143.61,144.75 1 0
github.com/ddkwork/ux/button.go:144.75,147.21 3 0
github.com/ddkwork/ux/button.go:147.21,149.7 1 0
github.com/ddkwork/ux/button.go:150.6,150.30 1 0
github.com/ddkwork/ux/button.go:156.2,156.55 1 0
github.com/ddkwork/ux/button.go:156.55,157.17 1 0
github.com/ddkwork/ux/button.go:157.17,158.62 1 0
github.com/ddkwork/ux/button.go:158.62,174.22 5 0
github.com/ddkwork/ux/button.go:174.22,176.6 1 0
github.com/ddkwork/ux/button.go:177.5,177.33 1 0
github.com/ddkwork/ux/button.go:180.3,181.25 2 0
github.com/ddkwork/ux/button.go:185.2,185.80 1 0
github.com/ddkwork/ux/button.go:185.80,188.14 3 0
github.com/ddkwork/ux/button.go:188.14,190.4 1 0
github.com/ddkwork/ux/button.go:191.3,191.17 1 0
github.com/ddkwork/ux/button.go:191.17,193.4 1 0
github.com/ddkwork/ux/button.go:194.3,194.117 1 0
github.com/ddkwork/ux/button.go:194.117,196.42 2 0
github.com/ddkwork/ux/button.go:196.42,198.22 2 0
github.com/ddkwork/ux/button.go:198.22,200.6 1 0
github.com/ddkwork/ux/button.go:200.11,202.6 1 0
github.com/ddkwork/ux/button.go:204.5,204.36 1 0
github.com/ddkwork/ux/button.go:204.36,205.69 1 0
github.com/ddkwork/ux/button.go:205.69,207.7 1 0
github.com/ddkwork/ux/button.go:209.5,209.69 1 0
github.com/ddkwork/ux/button.go:209.69,211.6 1 0
github.com/ddkwork/ux/button.go:214.4,214.43 1 0
github.com/ddkwork/ux/button.go:214.43,217.36 3 0
github.com/ddkwork/ux/button.go:217.36,218.68 1 0
github.com/ddkwork/ux/button.go:218.68,220.7 1 0
github.com/ddkwork/ux/button.go:222.5,222.66 1 0
github.com/ddkwork/ux/button.go:222.66,224.6 1 0
github.com/ddkwork/ux/button.go:227.4,227.54 1 0
github.com/ddkwork/ux/button.go:261.107,271.2 1 0
github.com/ddkwork/ux/button.go:286.69,287.43 1 0
github.com/ddkwork/ux/button.go:287.43,289.3 1 0
github.com/ddkwork/ux/button.go:291.2,291.48 1 0
github.com/ddkwork/ux/button.go:291.48,293.3 1 0
github.com/ddkwork/ux/button.go:295.2,295.32 1 0
github.com/ddkwork/ux/button.go:295.32,296.24 1 0
github.com/ddkwork/ux/button.go:296.24,298.4 1 0
github.com/ddkwork/ux/button.go:301.2,301.77 1 0
github.com/ddkwork/ux/button.go:301.77,304.47 2 0
github.com/ddkwork/ux/button.go:304.47,307.39 3 0
github.com/ddkwork/ux/button.go:307.39,309.6 1 0
github.com/ddkwork/ux/button.go:309.11,309.86 1 0
github.com/ddkwork/ux/button.go:309.86,311.6 1 0
github.com/ddkwork/ux/button.go:312.5,313.56 2 0
github.com/ddkwork/ux/button.go:315.47,318.5 2 0
github.com/ddkwork/ux/button.go:332.43,341.2 1 0
github.com/ddkwork/ux/button.go:343.88,348.59 1 0
github.com/ddkwork/ux/button.go:348.59,353.60 1 0
github.com/ddkwork/ux/button.go:353.60,359.61 1 0
github.com/ddkwork/ux/button.go:359.61,362.5 2 0
github.com/ddkwork/ux/calendar.go:66.60,68.2 1 1
github.com/ddkwork/ux/calendar.go:70.13,74.2 3 1
github.com/ddkwork/ux/calendar.go:95.41,97.2 1 0
github.com/ddkwork/ux/calendar.go:99.37,101.2 1 0
github.com/ddkwork/ux/calendar.go:103.40,104.20 1 0
github.com/ddkwork/ux/calendar.go:104.20,106.24 2 0
github.com/ddkwork/ux/calendar.go:106.24,108.4 1 0
github.com/ddkwork/ux/calendar.go:109.3,110.27 2 0
github.com/ddkwork/ux/calendar.go:110.27,112.4 1 0
github.com/ddkwork/ux/calendar.go:113.3,114.23 2 0
github.com/ddkwork/ux/calendar.go:116.2,116.51 1 0
github.com/ddkwork/ux/calendar.go:116.51,118.3 1 0
github.com/ddkwork/ux/calendar.go:120.2,124.25 4 0
github.com/ddkwork/ux/calendar.go:124.25,128.3 3 0
github.com/ddkwork/ux/calendar.go:130.2,130.29 1 0
github.com/ddkwork/ux/calendar.go:130.29,131.36 1 0
github.com/ddkwork/ux/calendar.go:131.36,133.4 1 0
github.com/ddkwork/ux/calendar.go:134.3,134.35 1 0
github.com/ddkwork/ux/calendar.go:134.35,136.4 1 0
github.com/ddkwork/ux/calendar.go:138.2,138.73 1 0
github.com/ddkwork/ux/calendar.go:138.73,139.73 1 0
github.com/ddkwork/ux/calendar.go:139.73,146.4 2 0
github.com/ddkwork/ux/calendar.go:149.2,149.26 1 0
github.com/ddkwork/ux/calendar.go:149.26,151.3 1 0
github.com/ddkwork/ux/calendar.go:152.2,152.25 1 0
github.com/ddkwork/ux/calendar.go:152.25,154.3 1 0
github.com/ddkwork/ux/calendar.go:155.2,155.10 1 0
github.com/ddkwork/ux/calendar.go:158.47,161.33 3 0
github.com/ddkwork/ux/calendar.go:161.33,164.3 2 0
github.com/ddkwork/ux/calendar.go:165.2,172.10 8 0
github.com/ddkwork/ux/calendar.go:175.85,177.40 2 0
github.com/ddkwork/ux/calendar.go:177.40,180.31 3 0
github.com/ddkwork/ux/calendar.go:180.31,182.4 1 0
github.com/ddkwork/ux/calendar.go:183.3,183.46 1 0
github.com/ddkwork/ux/calendar.go:183.46,184.55 1 0
github.com/ddkwork/ux/calendar.go:184.55,188.33 4 0
github.com/ddkwork/ux/calendar.go:188.33,191.6 2 0
github.com/ddkwork/ux/calendar.go:192.5,192.29 1 0
github.com/ddkwork/ux/calendar.go:198.82,200.40 2 0
github.com/ddkwork/ux/calendar.go:200.40,204.38 4 0
github.com/ddkwork/ux/calendar.go:204.38,207.4 2 0
github.com/ddkwork/ux/calendar.go:208.3,208.38 1 0
github.com/ddkwork/ux/calendar.go:208.38,209.24 1 0
github.com/ddkwork/ux/calendar.go:209.24,210.37 1 0
github.com/ddkwork/ux/calendar.go:210.37,212.6 1 0
github.com/ddkwork/ux/calendar.go:214.4,216.32 3 0
github.com/ddkwork/ux/calendar.go:216.32,221.5 4 0
github.com/ddkwork/ux/calendar.go:223.3,223.44 1 0
github.com/ddkwork/ux/calendar.go:223.44,227.71 4 0
github.com/ddkwork/ux/calendar.go:227.71,231.72 4 0
github.com/ddkwork/ux/calendar.go:231.72,236.34 5 0
github.com/ddkwork/ux/calendar.go:236.34,238.7 1 0
github.com/ddkwork/ux/calendar.go:239.6,239.30 1 0
github.com/ddkwork/ux/calendar.go:241.5,241.13 1 0
github.com/ddkwork/ux/calendar.go:243.4,247.12 5 0
github.com/ddkwork/ux/calendar.go:252.46,263.83 10 0
github.com/ddkwork/ux/calendar.go:263.83,265.26 2 0
github.com/ddkwork/ux/calendar.go:265.26,267.50 1 0
github.com/ddkwork/ux/calendar.go:267.50,268.40 1 0
github.com/ddkwork/ux/calendar.go:268.40,271.11 3 0
github.com/ddkwork/ux/calendar.go:274.4,278.14 5 0
github.com/ddkwork/ux/calendar.go:278.14,280.5 1 0
github.com/ddkwork/ux/calendar.go:282.3,282.18 1 0
github.com/ddkwork/ux/calendar.go:282.18,283.9 1 0
github.com/ddkwork/ux/calendar.go:286.2,287.32 2 0
github.com/ddkwork/ux/calendar.go:287.32,289.26 2 0
github.com/ddkwork/ux/calendar.go:289.26,292.4 2 0
github.com/ddkwork/ux/calendar.go:293.3,293.47 1 0
github.com/ddkwork/ux/calendar.go:293.47,297.4 3 0
github.com/ddkwork/ux/calendar.go:298.3,298.32 1 0
github.com/ddkwork/ux/calendar.go:300.2,301.62 2 0
github.com/ddkwork/ux/calendar.go:301.62,303.3 1 0
github.com/ddkwork/ux/calendar.go:304.2,304.10 1 0
github.com/ddkwork/ux/calendar.go:307.68,312.2 4 0
github.com/ddkwork/ux/calendar.go:314.65,319.2 4 0
github.com/ddkwork/ux/calendar.go:321.57,328.36 3 0
github.com/ddkwork/ux/calendar.go:328.36,337.46 5 0
github.com/ddkwork/ux/calendar.go:337.46,338.90 1 0
github.com/ddkwork/ux/calendar.go:338.90,342.60 4 0
github.com/ddkwork/ux/calendar.go:342.60,345.7 2 0
github.com/ddkwork/ux/calendar.go:346.6,346.49 1 0
github.com/ddkwork/ux/calendar.go:346.49,349.7 2 0
github.com/ddkwork/ux/calendar.go:350.6,351.68 2 0
github.com/ddkwork/ux/calendar.go:351.68,353.50 2 0
github.com/ddkwork/ux/calendar.go:353.50,359.8 5 0
github.com/ddkwork/ux/calendar.go:361.6,365.14 5 0
github.com/ddkwork/ux/calendar.go:367.5,367.13 1 0
github.com/ddkwork/ux/calendar.go:369.4,373.12 5 0
github.com/ddkwork/ux/calendar.go:376.2,376.14 1 0
github.com/ddkwork/ux/calendar.go:379.56,386.36 3 0
github.com/ddkwork/ux/calendar.go:386.36,391.46 5 0
github.com/ddkwork/ux/calendar.go:391.46,392.90 1 0
github.com/ddkwork/ux/calendar.go:392.90,396.61 4 0
github.com/ddkwork/ux/calendar.go:396.61,399.7 2 0
github.com/ddkwork/ux/calendar.go:400.6,400.50 1 0
github.com/ddkwork/ux/calendar.go:400.50,403.7 2 0
github.com/ddkwork/ux/calendar.go:404.6,405.69 2 0
github.com/ddkwork/ux/calendar.go:405.69,407.50 2 0
github.com/ddkwork/ux/calendar.go:407.50,413.8 5 0
github.com/ddkwork/ux/calendar.go:415.6,419.14 5 0
github.com/ddkwork/ux/calendar.go:421.5,421.13 1 0
github.com/ddkwork/ux/calendar.go:423.4,427.12 5 0
github.com/ddkwork/ux/calendar.go:430.2,430.14 1 0
github.com/ddkwork/ux/calendar.go:433.48,439.34 5 0
github.com/ddkwork/ux/calendar.go:439.34,440.39 1 0
github.com/ddkwork/ux/calendar.go:440.39,443.29 3 0
github.com/ddkwork/ux/calendar.go:443.29,444.53 1 0
github.com/ddkwork/ux/calendar.go:444.53,445.65 1 0
github.com/ddkwork/ux/calendar.go:445.65,448.13 3 0
github.com/ddkwork/ux/calendar.go:453.4,454.58 2 0
github.com/ddkwork/ux/calendar.go:454.58,457.37 2 0
github.com/ddkwork/ux/calendar.go:457.37,459.7 1 0
github.com/ddkwork/ux/calendar.go:461.37,464.7 2 0
github.com/ddkwork/ux/calendar.go:467.4,467.12 1 0
github.com/ddkwork/ux/calendar.go:470.34,471.38 1 0
github.com/ddkwork/ux/calendar.go:471.38,474.28 3 0
github.com/ddkwork/ux/calendar.go:474.28,476.6 1 0
github.com/ddkwork/ux/calendar.go:478.4,478.57 1 0
github.com/ddkwork/ux/calendar.go:478.57,482.37 3 0
github.com/ddkwork/ux/calendar.go:482.37,485.7 2 0
github.com/ddkwork/ux/calendar.go:487.37,490.7 2 0
github.com/ddkwork/ux/calendar.go:493.4,493.12 1 0
github.com/ddkwork/ux/calendar.go:496.2,496.10 1 0
github.com/ddkwork/ux/calendar.go:499.43,500.48 1 0
github.com/ddkwork/ux/calendar.go:500.48,501.39 1 0
github.com/ddkwork/ux/calendar.go:501.39,504.9 3 0
github.com/ddkwork/ux/card.go:40.33,52.24 10 0
github.com/ddkwork/ux/card.go:52.24,55.17 3 0
github.com/ddkwork/ux/card.go:55.17,58.4 2 0
github.com/ddkwork/ux/card.go:59.3,73.4 4 0
github.com/ddkwork/ux/card.go:76.2,76.16 1 0
github.com/ddkwork/ux/card.go:76.16,80.3 3 0
github.com/ddkwork/ux/card.go:81.2,81.21 1 0
github.com/ddkwork/ux/card.go:81.21,82.17 1 0
github.com/ddkwork/ux/card.go:82.17,86.4 3 0
github.com/ddkwork/ux/card.go:86.9,90.4 3 0
github.com/ddkwork/ux/card.go:93.2,94.32 1 0
github.com/ddkwork/ux/card.go:94.32,97.49 2 0
github.com/ddkwork/ux/card.go:97.49,98.58 1 0
github.com/ddkwork/ux/card.go:98.58,100.72 2 0
github.com/ddkwork/ux/card.go:100.72,104.35 1 0
github.com/ddkwork/ux/card.go:104.35,106.41 1 0
github.com/ddkwork/ux/card.go:106.41,107.58 1 0
github.com/ddkwork/ux/card.go:107.58,109.12 1 0
github.com/ddkwork/ux/card.go:115.35,117.41 1 0
github.com/ddkwork/ux/card.go:117.41,118.58 1 0
github.com/ddkwork/ux/card.go:118.58,120.29 2 0
github.com/ddkwork/ux/card.go:120.29,122.13 1 0
github.com/ddkwork/ux/card.go:122.18,127.13 1 0
github.com/ddkwork/ux/card.go:128.12,128.23 1 0
github.com/ddkwork/ux/card.go:136.33,137.47 1 0
github.com/ddkwork/ux/card.go:137.47,140.5 2 0
github.com/ddkwork/ux/card_todo.go:20.37,27.2 1 0
github.com/ddkwork/ux/card_todo.go:29.46,32.2 2 0
github.com/ddkwork/ux/card_todo.go:34.56,37.2 2 0
github.com/ddkwork/ux/card_todo.go:39.52,42.2 2 0
github.com/ddkwork/ux/card_todo.go:44.68,53.2 6 0
github.com/ddkwork/ux/card_todo.go:55.62,57.62 1 0
github.com/ddkwork/ux/card_todo.go:57.62,64.4 3 0
github.com/ddkwork/ux/card_todo.go:65.61,67.4 1 0
github.com/ddkwork/ux/checkbox.go:30.64,44.2 3 0
github.com/ddkwork/ux/checkbox.go:47.47,50.2 2 0
github.com/ddkwork/ux/checkbox.go:53.65,54.75 1 0
github.com/ddkwork/ux/checkbox.go:54.75,57.23 3 0
github.com/ddkwork/ux/checkbox.go:57.23,60.4 2 0
github.com/ddkwork/ux/checkbox.go:60.9,62.4 1 0
github.com/ddkwork/ux/checkbox.go:63.3,63.27 1 0
github.com/ddkwork/ux/checkbox.go:63.27,65.4 1 0
github.com/ddkwork/ux/checkbox.go:66.3,67.60 1 0
github.com/ddkwork/ux/checkbox.go:67.60,68.90 1 0
github.com/ddkwork/ux/checkbox.go:68.90,79.6 5 0
github.com/ddkwork/ux/checkbox.go:81.60,82.90 1 0
github.com/ddkwork/ux/checkbox.go:82.90,86.6 3 0
github.com/ddkwork/ux/clickable.go:23.32,25.2 1 0
github.com/ddkwork/ux/clickable.go:27.53,29.2 1 0
github.com/ddkwork/ux/clickable.go:31.63,33.2 1 0
github.com/ddkwork/ux/clickable.go:35.64,38.2 2 0
github.com/ddkwork/ux/clickable.go:40.48,42.2 1 0
github.com/ddkwork/ux/clickable.go:44.66,45.34 1 0
github.com/ddkwork/ux/clickable.go:45.34,47.3 1 0
github.com/ddkwork/ux/clickable.go:48.2,48.39 1 0
github.com/ddkwork/ux/clickable.go:48.39,50.3 1 0
github.com/ddkwork/ux/clickable.go:51.2,51.31 1 0
github.com/ddkwork/ux/clickable.go:51.31,52.23 1 0
github.com/ddkwork/ux/clickable.go:52.23,54.4 1 0
github.com/ddkwork/ux/clickable.go:56.2,56.76 1 0
github.com/ddkwork/ux/clickable.go:56.76,59.47 2 0
github.com/ddkwork/ux/clickable.go:59.47,65.39 3 0
github.com/ddkwork/ux/clickable.go:65.39,67.6 1 0
github.com/ddkwork/ux/clickable.go:67.11,67.37 1 0
github.com/ddkwork/ux/clickable.go:67.38,69.6 0 0
github.com/ddkwork/ux/clickable.go:70.5,70.33 1 0
github.com/ddkwork/ux/clickable.go:70.33,72.6 1 0
github.com/ddkwork/ux/clickable.go:73.5,73.56 1 0
github.com/ddkwork/ux/code_editor.go:78.13,80.2 1 1
github.com/ddkwork/ux/code_editor.go:82.44,88.2 2 0
github.com/ddkwork/ux/code_editor.go:90.58,130.18 9 0
github.com/ddkwork/ux/code_editor.go:130.18,132.3 1 0
github.com/ddkwork/ux/code_editor.go:134.2,140.10 5 0
github.com/ddkwork/ux/code_editor.go:143.41,145.18 2 0
github.com/ddkwork/ux/code_editor.go:145.18,147.3 1 0
github.com/ddkwork/ux/code_editor.go:148.2,148.31 1 0
github.com/ddkwork/ux/code_editor.go:151.56,153.2 1 0
github.com/ddkwork/ux/code_editor.go:155.46,157.2 1 0
github.com/ddkwork/ux/code_editor.go:159.49,161.2 1 0
github.com/ddkwork/ux/code_editor.go:163.49,165.2 1 0
github.com/ddkwork/ux/code_editor.go:167.46,169.2 1 0
github.com/ddkwork/ux/code_editor.go:171.43,175.2 3 0
github.com/ddkwork/ux/code_editor.go:177.47,181.2 3 0
github.com/ddkwork/ux/code_editor.go:183.36,185.2 1 0
[...]
github.com/ddkwork/ux/languages/languages_enum_gen.go:2162.18,2163.18 1 0
github.com/ddkwork/ux/languages/languages_enum_gen.go:2164.17,2165.17 1 0
github.com/ddkwork/ux/languages/languages_enum_gen.go:2166.17,2167.17 1 0
github.com/ddkwork/ux/languages/languages_enum_gen.go:2168.20,2169.20 1 0
github.com/ddkwork/ux/languages/languages_enum_gen.go:2170.15,2171.15 1 0
github.com/ddkwork/ux/languages/languages_enum_gen.go:2172.16,2173.16 1 0
github.com/ddkwork/ux/languages/languages_enum_gen.go:2174.16,2175.16 1 0
github.com/ddkwork/ux/languages/languages_enum_gen.go:2176.19,2177.19 1 0
github.com/ddkwork/ux/languages/languages_enum_gen.go:2178.16,2179.16 1 0
github.com/ddkwork/ux/languages/languages_enum_gen.go:2180.16,2181.16 1 0
github.com/ddkwork/ux/languages/languages_enum_gen.go:2182.15,2183.15 1 0
github.com/ddkwork/ux/languages/languages_enum_gen.go:2184.16,2185.16 1 0
github.com/ddkwork/ux/languages/languages_enum_gen.go:2186.17,2187.17 1 0
github.com/ddkwork/ux/languages/languages_enum_gen.go:2188.18,2189.18 1 0
github.com/ddkwork/ux/languages/languages_enum_gen.go:2190.18,2191.18 1 0
github.com/ddkwork/ux/languages/languages_enum_gen.go:2192.16,2193.16 1 0
github.com/ddkwork/ux/languages/languages_enum_gen.go:2194.15,2195.15 1 0
github.com/ddkwork/ux/languages/languages_enum_gen.go:2196.17,2197.17 1 0
github.com/ddkwork/ux/languages/languages_enum_gen.go:2198.17,2199.17 1 0
github.com/ddkwork/ux/languages/languages_enum_gen.go:2200.21,2201.21 1 0
github.com/ddkwork/ux/languages/languages_enum_gen.go:2202.18,2203.18 1 0
github.com/ddkwork/ux/languages/languages_enum_gen.go:2204.18,2205.18 1 0
github.com/ddkwork/ux/languages/languages_enum_gen.go:2206.20,2207.20 1 0
github.com/ddkwork/ux/languages/languages_enum_gen.go:2208.22,2209.22 1 0
github.com/ddkwork/ux/languages/languages_enum_gen.go:2210.18,2211.18 1 0
github.com/ddkwork/ux/languages/languages_enum_gen.go:2212.15,2213.15 1 0
github.com/ddkwork/ux/languages/languages_enum_gen.go:2214.21,2215.21 1 0
github.com/ddkwork/ux/languages/languages_enum_gen.go:2216.22,2217.22 1 0
github.com/ddkwork/ux/languages/languages_enum_gen.go:2218.16,2219.16 1 0
github.com/ddkwork/ux/languages/languages_enum_gen.go:2220.18,2221.18 1 0
github.com/ddkwork/ux/languages/languages_enum_gen.go:2222.17,2223.17 1 0
github.com/ddkwork/ux/languages/languages_enum_gen.go:2224.19,2225.19 1 0
github.com/ddkwork/ux/languages/languages_enum_gen.go:2226.25,2227.25 1 0
github.com/ddkwork/ux/languages/languages_enum_gen.go:2228.20,2229.20 1 0
github.com/ddkwork/ux/languages/languages_enum_gen.go:2230.15,2231.15 1 0
github.com/ddkwork/ux/languages/languages_enum_gen.go:2232.16,2233.16 1 0
github.com/ddkwork/ux/languages/languages_enum_gen.go:2234.15,2235.15 1 0
github.com/ddkwork/ux/languages/languages_enum_gen.go:2236.16,2237.16 1 0
github.com/ddkwork/ux/languages/languages_enum_gen.go:2238.19,2239.19 1 0
github.com/ddkwork/ux/languages/languages_enum_gen.go:2240.20,2241.20 1 0
github.com/ddkwork/ux/languages/languages_enum_gen.go:2242.21,2243.21 1 0
github.com/ddkwork/ux/languages/languages_enum_gen.go:2244.15,2245.15 1 0
github.com/ddkwork/ux/languages/languages_enum_gen.go:2246.18,2247.18 1 0
github.com/ddkwork/ux/languages/languages_enum_gen.go:2248.16,2249.16 1 0
github.com/ddkwork/ux/languages/languages_enum_gen.go:2250.23,2251.23 1 0
github.com/ddkwork/ux/languages/languages_enum_gen.go:2252.23,2253.23 1 0
github.com/ddkwork/ux/languages/languages_enum_gen.go:2254.18,2255.18 1 0
github.com/ddkwork/ux/languages/languages_enum_gen.go:2256.18,2257.18 1 0
github.com/ddkwork/ux/languages/languages_enum_gen.go:2258.16,2259.16 1 0
github.com/ddkwork/ux/languages/languages_enum_gen.go:2260.22,2261.22 1 0
github.com/ddkwork/ux/languages/languages_enum_gen.go:2262.22,2263.22 1 0
github.com/ddkwork/ux/languages/languages_enum_gen.go:2264.29,2265.29 1 0
github.com/ddkwork/ux/languages/languages_enum_gen.go:2266.30,2267.30 1 0
github.com/ddkwork/ux/languages/languages_enum_gen.go:2268.17,2269.17 1 0
github.com/ddkwork/ux/languages/languages_enum_gen.go:2270.13,2271.13 1 0
github.com/ddkwork/ux/languages/languages_enum_gen.go:2272.18,2273.18 1 0
github.com/ddkwork/ux/languages/languages_enum_gen.go:2274.16,2275.16 1 0
github.com/ddkwork/ux/languages/languages_enum_gen.go:2276.17,2277.17 1 0
github.com/ddkwork/ux/languages/languages_enum_gen.go:2278.19,2279.19 1 0
github.com/ddkwork/ux/languages/languages_enum_gen.go:2280.16,2281.16 1 0
github.com/ddkwork/ux/languages/languages_enum_gen.go:2282.15,2283.15 1 0
github.com/ddkwork/ux/languages/languages_enum_gen.go:2284.16,2285.16 1 0
github.com/ddkwork/ux/languages/languages_enum_gen.go:2286.15,2287.15 1 0
github.com/ddkwork/ux/languages/languages_enum_gen.go:2288.16,2289.16 1 0
github.com/ddkwork/ux/languages/languages_enum_gen.go:2290.33,2291.33 1 0
github.com/ddkwork/ux/languages/languages_enum_gen.go:2292.18,2293.18 1 0
github.com/ddkwork/ux/languages/languages_enum_gen.go:2294.15,2295.15 1 0
github.com/ddkwork/ux/languages/languages_enum_gen.go:2296.16,2297.16 1 0
github.com/ddkwork/ux/languages/languages_enum_gen.go:2298.16,2299.16 1 0
github.com/ddkwork/ux/languages/languages_enum_gen.go:2300.16,2301.16 1 0
github.com/ddkwork/ux/languages/languages_enum_gen.go:2302.23,2303.23 1 0
github.com/ddkwork/ux/languages/languages_enum_gen.go:2304.15,2305.15 1 0
github.com/ddkwork/ux/languages/languages_enum_gen.go:2306.15,2307.15 1 0
github.com/ddkwork/ux/languages/languages_enum_gen.go:2308.21,2309.21 1 0
github.com/ddkwork/ux/languages/languages_enum_gen.go:2310.31,2311.31 1 0
github.com/ddkwork/ux/languages/languages_enum_gen.go:2312.22,2313.22 1 0
github.com/ddkwork/ux/languages/languages_enum_gen.go:2314.22,2315.22 1 0
github.com/ddkwork/ux/languages/languages_enum_gen.go:2316.18,2317.18 1 0
github.com/ddkwork/ux/languages/languages_enum_gen.go:2318.26,2319.26 1 0
github.com/ddkwork/ux/languages/languages_enum_gen.go:2320.26,2321.26 1 0
github.com/ddkwork/ux/languages/languages_enum_gen.go:2322.14,2323.14 1 0
github.com/ddkwork/ux/languages/languages_enum_gen.go:2324.16,2325.16 1 0
github.com/ddkwork/ux/languages/languages_enum_gen.go:2326.16,2327.16 1 0
github.com/ddkwork/ux/languages/languages_enum_gen.go:2328.20,2329.20 1 0
github.com/ddkwork/ux/languages/languages_enum_gen.go:2330.17,2331.17 1 0
github.com/ddkwork/ux/languages/languages_enum_gen.go:2332.16,2333.16 1 0
github.com/ddkwork/ux/languages/languages_enum_gen.go:2334.28,2335.28 1 0
github.com/ddkwork/ux/languages/languages_enum_gen.go:2336.18,2337.18 1 0
github.com/ddkwork/ux/languages/languages_enum_gen.go:2338.10,2339.32 1 0
github.com/ddkwork/ux/terminal/tint/buffer.go:8.18,11.3 2 2
github.com/ddkwork/ux/terminal/tint/buffer.go:14.26,16.2 1 4
github.com/ddkwork/ux/terminal/tint/buffer.go:18.25,21.30 2 4
github.com/ddkwork/ux/terminal/tint/buffer.go:21.30,24.3 2 4
github.com/ddkwork/ux/terminal/tint/buffer.go:27.51,30.2 2 0
github.com/ddkwork/ux/terminal/tint/buffer.go:32.45,35.2 2 30
github.com/ddkwork/ux/terminal/tint/buffer.go:37.55,40.2 2 59
github.com/ddkwork/ux/terminal/tint/buffer.go:42.66,43.9 1 33
github.com/ddkwork/ux/terminal/tint/buffer.go:43.9,45.3 1 0
github.com/ddkwork/ux/terminal/tint/buffer.go:46.2,46.27 1 33
github.com/ddkwork/ux/terminal/tint/handler.go:134.58,140.17 2 1
github.com/ddkwork/ux/terminal/tint/handler.go:140.17,142.3 1 0
github.com/ddkwork/ux/terminal/tint/handler.go:144.2,145.23 2 1
github.com/ddkwork/ux/terminal/tint/handler.go:145.23,147.3 1 1
github.com/ddkwork/ux/terminal/tint/handler.go:148.2,149.27 2 1
github.com/ddkwork/ux/terminal/tint/handler.go:149.27,151.3 1 1
github.com/ddkwork/ux/terminal/tint/handler.go:152.2,153.10 2 1
github.com/ddkwork/ux/terminal/tint/handler.go:172.36,184.2 1 0
github.com/ddkwork/ux/terminal/tint/handler.go:186.69,188.2 1 4
github.com/ddkwork/ux/terminal/tint/handler.go:190.66,198.22 4 4
github.com/ddkwork/ux/terminal/tint/handler.go:198.22,200.17 2 4
github.com/ddkwork/ux/terminal/tint/handler.go:200.17,203.4 2 4
github.com/ddkwork/ux/terminal/tint/handler.go:203.9,203.83 1 0
github.com/ddkwork/ux/terminal/tint/handler.go:203.83,204.39 1 0
github.com/ddkwork/ux/terminal/tint/handler.go:204.39,206.5 1 0
github.com/ddkwork/ux/terminal/tint/handler.go:206.10,208.5 1 0
github.com/ddkwork/ux/terminal/tint/handler.go:209.4,209.22 1 0
github.com/ddkwork/ux/terminal/tint/handler.go:214.2,214.16 1 4
github.com/ddkwork/ux/terminal/tint/handler.go:214.16,217.3 2 4
github.com/ddkwork/ux/terminal/tint/handler.go:217.8,217.86 1 0
github.com/ddkwork/ux/terminal/tint/handler.go:217.86,220.3 2 0
github.com/ddkwork/ux/terminal/tint/handler.go:223.2,223.17 1 4
github.com/ddkwork/ux/terminal/tint/handler.go:223.17,226.19 3 0
github.com/ddkwork/ux/terminal/tint/handler.go:226.19,233.18 2 0
github.com/ddkwork/ux/terminal/tint/handler.go:233.18,236.5 2 0
github.com/ddkwork/ux/terminal/tint/handler.go:236.10,236.85 1 0
github.com/ddkwork/ux/terminal/tint/handler.go:236.85,239.5 2 0
github.com/ddkwork/ux/terminal/tint/handler.go:244.2,244.16 1 4
github.com/ddkwork/ux/terminal/tint/handler.go:244.16,247.3 2 4
github.com/ddkwork/ux/terminal/tint/handler.go:247.8,247.93 1 0
github.com/ddkwork/ux/terminal/tint/handler.go:247.93,250.3 2 0
github.com/ddkwork/ux/terminal/tint/handler.go:253.2,253.28 1 4
github.com/ddkwork/ux/terminal/tint/handler.go:253.28,255.3 1 0
github.com/ddkwork/ux/terminal/tint/handler.go:258.2,258.36 1 4
github.com/ddkwork/ux/terminal/tint/handler.go:258.36,261.3 2 9
github.com/ddkwork/ux/terminal/tint/handler.go:263.2,263.20 1 4
github.com/ddkwork/ux/terminal/tint/handler.go:263.20,265.3 1 0
github.com/ddkwork/ux/terminal/tint/handler.go:266.2,272.12 5 4
github.com/ddkwork/ux/terminal/tint/handler.go:275.61,276.21 1 0
github.com/ddkwork/ux/terminal/tint/handler.go:276.21,278.3 1 0
github.com/ddkwork/ux/terminal/tint/handler.go:279.2,285.29 4 0
github.com/ddkwork/ux/terminal/tint/handler.go:285.29,287.3 1 0
github.com/ddkwork/ux/terminal/tint/handler.go:288.2,289.11 2 0
github.com/ddkwork/ux/terminal/tint/handler.go:292.55,293.16 1 0
github.com/ddkwork/ux/terminal/tint/handler.go:293.16,295.3 1 0
github.com/ddkwork/ux/terminal/tint/handler.go:296.2,299.11 4 0
github.com/ddkwork/ux/terminal/tint/handler.go:302.56,306.2 3 4
github.com/ddkwork/ux/terminal/tint/handler.go:308.62,309.9 1 4
github.com/ddkwork/ux/terminal/tint/handler.go:310.30,312.47 2 1
github.com/ddkwork/ux/terminal/tint/handler.go:313.30,317.43 4 1
github.com/ddkwork/ux/terminal/tint/handler.go:318.31,322.43 4 1
github.com/ddkwork/ux/terminal/tint/handler.go:323.10,327.43 4 1
github.com/ddkwork/ux/terminal/tint/handler.go:331.54,332.16 1 4
github.com/ddkwork/ux/terminal/tint/handler.go:332.16,334.3 1 4
github.com/ddkwork/ux/terminal/tint/handler.go:334.8,334.22 1 0
github.com/ddkwork/ux/terminal/tint/handler.go:334.22,336.3 1 0
github.com/ddkwork/ux/terminal/tint/handler.go:337.2,337.50 1 0
github.com/ddkwork/ux/terminal/tint/handler.go:340.63,348.2 6 0
github.com/ddkwork/ux/terminal/tint/handler.go:350.97,352.77 2 9
github.com/ddkwork/ux/terminal/tint/handler.go:352.77,355.3 2 0
github.com/ddkwork/ux/terminal/tint/handler.go:357.2,357.29 1 9
github.com/ddkwork/ux/terminal/tint/handler.go:357.29,359.3 1 0
github.com/ddkwork/ux/terminal/tint/handler.go:361.2,361.27 1 9
github.com/ddkwork/ux/terminal/tint/handler.go:362.20,363.50 1 1
github.com/ddkwork/ux/terminal/tint/handler.go:363.50,367.4 3 1
github.com/ddkwork/ux/terminal/tint/handler.go:368.22,369.21 1 0
github.com/ddkwork/ux/terminal/tint/handler.go:369.21,372.4 2 0
github.com/ddkwork/ux/terminal/tint/handler.go:373.3,373.48 1 0
github.com/ddkwork/ux/terminal/tint/handler.go:373.48,375.4 1 0
github.com/ddkwork/ux/terminal/tint/handler.go:376.3,376.9 1 0
github.com/ddkwork/ux/terminal/tint/handler.go:379.2,381.20 3 8
github.com/ddkwork/ux/terminal/tint/handler.go:384.62,389.2 4 8
github.com/ddkwork/ux/terminal/tint/handler.go:391.70,392.18 1 8
github.com/ddkwork/ux/terminal/tint/handler.go:393.23,394.51 1 7
github.com/ddkwork/ux/terminal/tint/handler.go:395.22,396.48 1 0
github.com/ddkwork/ux/terminal/tint/handler.go:397.23,398.50 1 0
github.com/ddkwork/ux/terminal/tint/handler.go:399.24,400.61 1 0
github.com/ddkwork/ux/terminal/tint/handler.go:401.21,402.44 1 0
github.com/ddkwork/ux/terminal/tint/handler.go:403.25,404.62 1 1
github.com/ddkwork/ux/terminal/tint/handler.go:405.21,406.58 1 0
github.com/ddkwork/ux/terminal/tint/handler.go:407.20,408.16 1 0
github.com/ddkwork/ux/terminal/tint/handler.go:408.16,410.32 1 0
github.com/ddkwork/ux/terminal/tint/handler.go:410.32,416.80 1 0
github.com/ddkwork/ux/terminal/tint/handler.go:416.80,419.6 2 0
github.com/ddkwork/ux/terminal/tint/handler.go:422.5,422.70 1 0
github.com/ddkwork/ux/terminal/tint/handler.go:426.3,426.31 1 0
github.com/ddkwork/ux/terminal/tint/handler.go:427.19,428.26 1 0
github.com/ddkwork/ux/terminal/tint/handler.go:429.31,431.18 2 0
github.com/ddkwork/ux/terminal/tint/handler.go:431.18,432.10 1 0
github.com/ddkwork/ux/terminal/tint/handler.go:434.4,434.54 1 0
github.com/ddkwork/ux/terminal/tint/handler.go:435.21,436.27 1 0
github.com/ddkwork/ux/terminal/tint/handler.go:437.11,438.64 1 0
github.com/ddkwork/ux/terminal/tint/handler.go:443.93,450.2 6 1
github.com/ddkwork/ux/terminal/tint/handler.go:452.61,453.21 1 18
github.com/ddkwork/ux/terminal/tint/handler.go:453.21,456.32 2 0
github.com/ddkwork/ux/terminal/tint/handler.go:456.32,457.20 1 0
github.com/ddkwork/ux/terminal/tint/handler.go:457.20,459.5 1 0
github.com/ddkwork/ux/terminal/tint/handler.go:459.10,459.46 1 0
github.com/ddkwork/ux/terminal/tint/handler.go:459.46,462.5 2 0
github.com/ddkwork/ux/terminal/tint/handler.go:464.4,464.19 1 0
github.com/ddkwork/ux/terminal/tint/handler.go:468.2,469.9 2 18
github.com/ddkwork/ux/terminal/tint/handler.go:470.22,473.21 3 1
github.com/ddkwork/ux/terminal/tint/handler.go:474.23,475.38 1 0
github.com/ddkwork/ux/terminal/tint/handler.go:476.10,477.21 1 17
github.com/ddkwork/ux/terminal/tint/handler.go:481.48,483.26 2 0
github.com/ddkwork/ux/terminal/tint/handler.go:483.26,485.26 2 0
github.com/ddkwork/ux/terminal/tint/handler.go:485.26,486.9 1 0
github.com/ddkwork/ux/terminal/tint/handler.go:488.3,488.12 1 0
github.com/ddkwork/ux/terminal/tint/handler.go:488.12,490.4 1 0
github.com/ddkwork/ux/terminal/tint/handler.go:491.3,491.12 1 0
github.com/ddkwork/ux/terminal/tint/handler.go:493.2,493.20 1 0
github.com/ddkwork/ux/terminal/tint/handler.go:497.34,498.17 1 18
github.com/ddkwork/ux/terminal/tint/handler.go:498.17,500.3 1 0
github.com/ddkwork/ux/terminal/tint/handler.go:501.2,501.26 1 18
github.com/ddkwork/ux/terminal/tint/handler.go:501.26,503.24 2 100
github.com/ddkwork/ux/terminal/tint/handler.go:503.24,506.58 1 100
github.com/ddkwork/ux/terminal/tint/handler.go:506.58,508.5 1 1
github.com/ddkwork/ux/terminal/tint/handler.go:509.4,510.12 2 99
github.com/ddkwork/ux/terminal/tint/handler.go:512.3,513.71 2 0
github.com/ddkwork/ux/terminal/tint/handler.go:513.71,515.4 1 0
github.com/ddkwork/ux/terminal/tint/handler.go:516.3,516.12 1 0
github.com/ddkwork/ux/terminal/tint/handler.go:518.2,518.14 1 17
github.com/ddkwork/ux/terminal/tint/handler.go:630.31,631.16 1 1
github.com/ddkwork/ux/terminal/tint/handler.go:631.16,633.3 1 1
github.com/ddkwork/ux/terminal/tint/handler.go:634.2,634.30 1 1
github.com/ddkwork/ux/animation/gween/gween.go:27.70,37.2 1 61
github.com/ddkwork/ux/animation/gween/gween.go:41.74,42.9 1 6000167
github.com/ddkwork/ux/animation/gween/gween.go:43.17,46.24 3 3000067
github.com/ddkwork/ux/animation/gween/gween.go:47.30,50.22 3 3000067
github.com/ddkwork/ux/animation/gween/gween.go:51.10,54.80 3 33
github.com/ddkwork/ux/animation/gween/gween.go:57.2,57.19 1 6000167
github.com/ddkwork/ux/animation/gween/gween.go:57.19,59.3 1 62
github.com/ddkwork/ux/animation/gween/gween.go:60.2,60.46 1 6000105
github.com/ddkwork/ux/animation/gween/gween.go:64.29,65.19 1 3000059
github.com/ddkwork/ux/animation/gween/gween.go:65.19,67.3 1 23
github.com/ddkwork/ux/animation/gween/gween.go:67.8,69.3 1 3000036
github.com/ddkwork/ux/animation/gween/gween.go:74.75,75.19 1 3000098
github.com/ddkwork/ux/animation/gween/gween.go:75.19,77.3 1 35
github.com/ddkwork/ux/animation/gween/gween.go:78.2,78.35 1 3000063
github.com/ddkwork/ux/animation/gween/sequence.go:18.46,27.2 2 17
github.com/ddkwork/ux/animation/gween/sequence.go:30.44,32.2 1 1
github.com/ddkwork/ux/animation/gween/sequence.go:35.40,36.43 1 10
github.com/ddkwork/ux/animation/gween/sequence.go:36.43,38.3 1 9
github.com/ddkwork/ux/animation/gween/sequence.go:44.95,45.22 1 32
github.com/ddkwork/ux/animation/gween/sequence.go:45.22,47.3 1 1
github.com/ddkwork/ux/animation/gween/sequence.go:48.2,51.6 3 31
github.com/ddkwork/ux/animation/gween/sequence.go:51.6,52.15 1 3000093
github.com/ddkwork/ux/animation/gween/sequence.go:52.15,53.21 1 40
github.com/ddkwork/ux/animation/gween/sequence.go:53.21,57.31 3 5
github.com/ddkwork/ux/animation/gween/sequence.go:57.31,59.6 1 5
github.com/ddkwork/ux/animation/gween/sequence.go:60.5,60.49 1 5
github.com/ddkwork/ux/animation/gween/sequence.go:60.49,62.6 1 3
github.com/ddkwork/ux/animation/gween/sequence.go:63.5,64.34 2 2
github.com/ddkwork/ux/animation/gween/sequence.go:66.4,66.36 1 37
github.com/ddkwork/ux/animation/gween/sequence.go:66.36,73.5 4 5
github.com/ddkwork/ux/animation/gween/sequence.go:74.9,74.61 1 3000053
github.com/ddkwork/ux/animation/gween/sequence.go:74.61,76.30 1 1000008
github.com/ddkwork/ux/animation/gween/sequence.go:76.30,78.5 1 8
github.com/ddkwork/ux/animation/gween/sequence.go:79.4,79.48 1 1000008
github.com/ddkwork/ux/animation/gween/sequence.go:79.48,80.20 1 6
github.com/ddkwork/ux/animation/gween/sequence.go:80.20,82.6 1 1
github.com/ddkwork/ux/animation/gween/sequence.go:83.5,83.79 1 5
github.com/ddkwork/ux/animation/gween/sequence.go:85.4,87.33 3 1000002
github.com/ddkwork/ux/animation/gween/sequence.go:89.3,90.10 2 3000084
github.com/ddkwork/ux/animation/gween/sequence.go:90.10,92.4 1 22
github.com/ddkwork/ux/animation/gween/sequence.go:93.3,95.20 3 3000062
github.com/ddkwork/ux/animation/gween/sequence.go:95.20,97.4 1 20
github.com/ddkwork/ux/animation/gween/sequence.go:98.3,98.18 1 3000062
github.com/ddkwork/ux/animation/gween/sequence.go:98.18,100.4 1 23
github.com/ddkwork/ux/animation/gween/sequence.go:100.9,102.4 1 3000039
github.com/ddkwork/ux/animation/gween/sequence.go:104.3,104.52 1 3000062
github.com/ddkwork/ux/animation/gween/sequence.go:104.52,107.4 2 2000045
github.com/ddkwork/ux/animation/gween/sequence.go:112.34,114.2 1 2
github.com/ddkwork/ux/animation/gween/sequence.go:117.42,121.2 3 1
github.com/ddkwork/ux/animation/gween/sequence.go:124.42,127.2 2 7
github.com/ddkwork/ux/animation/gween/sequence.go:130.45,132.2 1 3
github.com/ddkwork/ux/animation/gween/sequence.go:135.30,137.35 2 1
github.com/ddkwork/ux/animation/gween/sequence.go:137.35,139.3 1 2
github.com/ddkwork/ux/animation/gween/sequence.go:140.2,140.15 1 1
github.com/ddkwork/ux/animation/gween/sequence.go:144.39,146.2 1 35
github.com/ddkwork/ux/animation/gween/sequence.go:149.37,151.2 1 3000060
github.com/ddkwork/ux/animation/gween/sequence.go:154.41,155.51 1 4
github.com/ddkwork/ux/animation/gween/sequence.go:155.51,157.3 1 1
github.com/ddkwork/ux/animation/gween/sequence.go:158.2,159.17 2 4
github.com/ddkwork/ux/animation/gween/sequence.go:163.48,164.30 1 17
github.com/ddkwork/ux/animation/gween/sequence.go:164.30,166.3 1 11
github.com/ddkwork/ux/animation/gween/sequence.go:167.2,167.15 1 17
github.com/ddkwork/ux/animation/gween/sequence.go:167.15,169.3 1 6
github.com/ddkwork/ux/animation/gween/sequence.go:170.2,170.14 1 17
github.com/ddkwork/ux/animation/gween/sequence.go:174.47,175.30 1 1000002
github.com/ddkwork/ux/animation/gween/sequence.go:175.30,177.3 1 1000001
github.com/ddkwork/ux/animation/gween/sequence.go:178.2,178.15 1 1000002
github.com/ddkwork/ux/animation/gween/sequence.go:178.15,180.3 1 1
github.com/ddkwork/ux/animation/gween/sequence.go:181.2,181.14 1 1000002
